<?xml version="1.0" encoding="utf-8"?>
<TestRun id="8c5460f0-187d-4be6-9592-349ae9d6006a" name="@9601a25a074a 2020-07-27 18:10:23" xmlns="http://microsoft.com/schemas/VisualStudio/TeamTest/2010">
  <Times creation="2020-07-27T18:10:23.7139951+00:00" queuing="2020-07-27T18:10:23.7139953+00:00" start="2020-07-27T18:10:21.3170397+00:00" finish="2020-07-27T18:10:23.7267982+00:00" />
  <TestSettings name="default" id="47102e17-f6a4-4b6a-bdcb-3b27a920f1c0">
    <Deployment runDeploymentRoot="_9601a25a074a_2020-07-27_18_10_23" />
  </TestSettings>
  <Results>
    <UnitTestResult executionId="b985f167-8de2-48af-9265-e20fb4b7346e" testId="eb223c9f-24bf-8303-38b3-d6113beb6012" testName="OCP.Msal.Proxy.Tests.AuthControllerTests.ClaimIsInjectedIntoHeaderAsExpected" computerName="9601a25a074a" duration="00:00:00.0078327" startTime="2020-07-27T18:10:23.5972958+00:00" endTime="2020-07-27T18:10:23.5973767+00:00" testType="13cdc9d9-ddb5-4fa4-a97d-d965ccfc6d4b" outcome="Passed" testListId="8c84fa94-04c1-424b-9868-57a2d4851a1d" relativeResultsDirectory="b985f167-8de2-48af-9265-e20fb4b7346e" />
  </Results>
  <TestDefinitions>
    <UnitTest name="OCP.Msal.Proxy.Tests.AuthControllerTests.ClaimIsInjectedIntoHeaderAsExpected" storage="/app/ocp.msal.proxy.tests/bin/debug/netcoreapp3.1/ocp.msal.proxy.tests.dll" id="eb223c9f-24bf-8303-38b3-d6113beb6012">
      <Execution id="b985f167-8de2-48af-9265-e20fb4b7346e" />
      <TestMethod codeBase="/app/OCP.Msal.Proxy.Tests/bin/Debug/netcoreapp3.1/OCP.Msal.Proxy.Tests.dll" adapterTypeName="executor://xunit/VsTestRunner2/netcoreapp" className="OCP.Msal.Proxy.Tests.AuthControllerTests" name="ClaimIsInjectedIntoHeaderAsExpected" />
    </UnitTest>
  </TestDefinitions>
  <TestEntries>
    <TestEntry testId="eb223c9f-24bf-8303-38b3-d6113beb6012" executionId="b985f167-8de2-48af-9265-e20fb4b7346e" testListId="8c84fa94-04c1-424b-9868-57a2d4851a1d" />
  </TestEntries>
  <TestLists>
    <TestList name="Results Not in a List" id="8c84fa94-04c1-424b-9868-57a2d4851a1d" />
    <TestList name="All Loaded Results" id="19431567-8539-422a-85d7-44ee4e166bda" />
  </TestLists>
  <ResultSummary outcome="Completed">
    <Counters total="1" executed="1" passed="1" failed="0" error="0" timeout="0" aborted="0" inconclusive="0" passedButRunAborted="0" notRunnable="0" notExecuted="0" disconnected="0" warning="0" completed="0" inProgress="0" pending="0" />
    <Output>
      <StdOut>[xUnit.net 00:00:00.00] xUnit.net VSTest Adapter v2.4.1 (64-bit .NET Core 3.1.6)
[xUnit.net 00:00:00.87]   Discovering: OCP.Msal.Proxy.Tests
[xUnit.net 00:00:00.93]   Discovered:  OCP.Msal.Proxy.Tests
[xUnit.net 00:00:00.93]   Starting:    OCP.Msal.Proxy.Tests
[xUnit.net 00:00:01.02]   Finished:    OCP.Msal.Proxy.Tests
</StdOut>
    </Output>
  </ResultSummary>
</TestRun>