<?xml version="1.0" encoding="utf-8"?>
<TestRun id="ccccc1ba-8487-4067-a1a6-fb2b848b9716" name="@e9effb6fbb18 2020-06-16 01:21:07" xmlns="http://microsoft.com/schemas/VisualStudio/TeamTest/2010">
  <Times creation="2020-06-16T01:21:07.8129659+00:00" queuing="2020-06-16T01:21:07.8129660+00:00" start="2020-06-16T01:21:05.2434064+00:00" finish="2020-06-16T01:21:07.8281293+00:00" />
  <TestSettings name="default" id="4f5171dd-0638-492e-b904-24aa68930f49">
    <Deployment runDeploymentRoot="_e9effb6fbb18_2020-06-16_01_21_07" />
  </TestSettings>
  <Results>
    <UnitTestResult executionId="fcd29528-0e3d-49c3-8e85-a826d7b0c627" testId="eb223c9f-24bf-8303-38b3-d6113beb6012" testName="OCP.Msal.Proxy.Tests.AuthControllerTests.ClaimIsInjectedIntoHeaderAsExpected" computerName="e9effb6fbb18" duration="00:00:00.0093302" startTime="2020-06-16T01:21:07.6877919+00:00" endTime="2020-06-16T01:21:07.6879171+00:00" testType="13cdc9d9-ddb5-4fa4-a97d-d965ccfc6d4b" outcome="Passed" testListId="8c84fa94-04c1-424b-9868-57a2d4851a1d" relativeResultsDirectory="fcd29528-0e3d-49c3-8e85-a826d7b0c627" />
  </Results>
  <TestDefinitions>
    <UnitTest name="OCP.Msal.Proxy.Tests.AuthControllerTests.ClaimIsInjectedIntoHeaderAsExpected" storage="/app/ocp.msal.proxy.tests/bin/debug/netcoreapp3.1/ocp.msal.proxy.tests.dll" id="eb223c9f-24bf-8303-38b3-d6113beb6012">
      <Execution id="fcd29528-0e3d-49c3-8e85-a826d7b0c627" />
      <TestMethod codeBase="/app/OCP.Msal.Proxy.Tests/bin/Debug/netcoreapp3.1/OCP.Msal.Proxy.Tests.dll" adapterTypeName="executor://xunit/VsTestRunner2/netcoreapp" className="OCP.Msal.Proxy.Tests.AuthControllerTests" name="ClaimIsInjectedIntoHeaderAsExpected" />
    </UnitTest>
  </TestDefinitions>
  <TestEntries>
    <TestEntry testId="eb223c9f-24bf-8303-38b3-d6113beb6012" executionId="fcd29528-0e3d-49c3-8e85-a826d7b0c627" testListId="8c84fa94-04c1-424b-9868-57a2d4851a1d" />
  </TestEntries>
  <TestLists>
    <TestList name="Results Not in a List" id="8c84fa94-04c1-424b-9868-57a2d4851a1d" />
    <TestList name="All Loaded Results" id="19431567-8539-422a-85d7-44ee4e166bda" />
  </TestLists>
  <ResultSummary outcome="Completed">
    <Counters total="1" executed="1" passed="1" failed="0" error="0" timeout="0" aborted="0" inconclusive="0" passedButRunAborted="0" notRunnable="0" notExecuted="0" disconnected="0" warning="0" completed="0" inProgress="0" pending="0" />
    <Output>
      <StdOut>[xUnit.net 00:00:00.00] xUnit.net VSTest Adapter v2.4.1 (64-bit .NET Core 3.1.5)
[xUnit.net 00:00:00.95]   Discovering: OCP.Msal.Proxy.Tests
[xUnit.net 00:00:00.99]   Discovered:  OCP.Msal.Proxy.Tests
[xUnit.net 00:00:01.00]   Starting:    OCP.Msal.Proxy.Tests
[xUnit.net 00:00:01.09]   Finished:    OCP.Msal.Proxy.Tests
</StdOut>
    </Output>
  </ResultSummary>
</TestRun>