<?xml version="1.0" encoding="utf-8"?>
<TestRun id="7024343e-00e3-48f0-8633-4e853c43af25" name="@1121ef456df5 2020-07-27 18:20:19" xmlns="http://microsoft.com/schemas/VisualStudio/TeamTest/2010">
  <Times creation="2020-07-27T18:20:19.7698523+00:00" queuing="2020-07-27T18:20:19.7698524+00:00" start="2020-07-27T18:20:16.9805831+00:00" finish="2020-07-27T18:20:19.7869376+00:00" />
  <TestSettings name="default" id="2b213fff-e61b-46f8-acbe-4f5a5cadc2c6">
    <Deployment runDeploymentRoot="_1121ef456df5_2020-07-27_18_20_19" />
  </TestSettings>
  <Results>
    <UnitTestResult executionId="3e0eef15-608b-4e19-9c1a-373d475dad9e" testId="eb223c9f-24bf-8303-38b3-d6113beb6012" testName="OCP.Msal.Proxy.Tests.AuthControllerTests.ClaimIsInjectedIntoHeaderAsExpected" computerName="1121ef456df5" duration="00:00:00.0118365" startTime="2020-07-27T18:20:19.6211015+00:00" endTime="2020-07-27T18:20:19.6212029+00:00" testType="13cdc9d9-ddb5-4fa4-a97d-d965ccfc6d4b" outcome="Passed" testListId="8c84fa94-04c1-424b-9868-57a2d4851a1d" relativeResultsDirectory="3e0eef15-608b-4e19-9c1a-373d475dad9e" />
  </Results>
  <TestDefinitions>
    <UnitTest name="OCP.Msal.Proxy.Tests.AuthControllerTests.ClaimIsInjectedIntoHeaderAsExpected" storage="/app/ocp.msal.proxy.tests/bin/debug/netcoreapp3.1/ocp.msal.proxy.tests.dll" id="eb223c9f-24bf-8303-38b3-d6113beb6012">
      <Execution id="3e0eef15-608b-4e19-9c1a-373d475dad9e" />
      <TestMethod codeBase="/app/OCP.Msal.Proxy.Tests/bin/Debug/netcoreapp3.1/OCP.Msal.Proxy.Tests.dll" adapterTypeName="executor://xunit/VsTestRunner2/netcoreapp" className="OCP.Msal.Proxy.Tests.AuthControllerTests" name="ClaimIsInjectedIntoHeaderAsExpected" />
    </UnitTest>
  </TestDefinitions>
  <TestEntries>
    <TestEntry testId="eb223c9f-24bf-8303-38b3-d6113beb6012" executionId="3e0eef15-608b-4e19-9c1a-373d475dad9e" testListId="8c84fa94-04c1-424b-9868-57a2d4851a1d" />
  </TestEntries>
  <TestLists>
    <TestList name="Results Not in a List" id="8c84fa94-04c1-424b-9868-57a2d4851a1d" />
    <TestList name="All Loaded Results" id="19431567-8539-422a-85d7-44ee4e166bda" />
  </TestLists>
  <ResultSummary outcome="Completed">
    <Counters total="1" executed="1" passed="1" failed="0" error="0" timeout="0" aborted="0" inconclusive="0" passedButRunAborted="0" notRunnable="0" notExecuted="0" disconnected="0" warning="0" completed="0" inProgress="0" pending="0" />
    <Output>
      <StdOut>[xUnit.net 00:00:00.00] xUnit.net VSTest Adapter v2.4.1 (64-bit .NET Core 3.1.6)
[xUnit.net 00:00:01.14]   Discovering: OCP.Msal.Proxy.Tests
[xUnit.net 00:00:01.20]   Discovered:  OCP.Msal.Proxy.Tests
[xUnit.net 00:00:01.21]   Starting:    OCP.Msal.Proxy.Tests
[xUnit.net 00:00:01.32]   Finished:    OCP.Msal.Proxy.Tests
</StdOut>
    </Output>
  </ResultSummary>
</TestRun>