<?xml version="1.0" encoding="utf-8"?>
<TestRun id="73dd1d03-e999-4ba8-ba9f-fea4c0449a15" name="@b6580d11a34d 2020-07-27 18:08:39" xmlns="http://microsoft.com/schemas/VisualStudio/TeamTest/2010">
  <Times creation="2020-07-27T18:08:39.1209948+00:00" queuing="2020-07-27T18:08:39.1209950+00:00" start="2020-07-27T18:08:36.2211197+00:00" finish="2020-07-27T18:08:39.1395084+00:00" />
  <TestSettings name="default" id="3ae43a5a-4d13-4916-9391-d973c6950244">
    <Deployment runDeploymentRoot="_b6580d11a34d_2020-07-27_18_08_39" />
  </TestSettings>
  <Results>
    <UnitTestResult executionId="ff3b13f8-f980-4fd2-9152-06faefbd59dd" testId="eb223c9f-24bf-8303-38b3-d6113beb6012" testName="OCP.Msal.Proxy.Tests.AuthControllerTests.ClaimIsInjectedIntoHeaderAsExpected" computerName="b6580d11a34d" duration="00:00:00.0148217" startTime="2020-07-27T18:08:39.0100627+00:00" endTime="2020-07-27T18:08:39.0102022+00:00" testType="13cdc9d9-ddb5-4fa4-a97d-d965ccfc6d4b" outcome="Passed" testListId="8c84fa94-04c1-424b-9868-57a2d4851a1d" relativeResultsDirectory="ff3b13f8-f980-4fd2-9152-06faefbd59dd" />
  </Results>
  <TestDefinitions>
    <UnitTest name="OCP.Msal.Proxy.Tests.AuthControllerTests.ClaimIsInjectedIntoHeaderAsExpected" storage="/app/ocp.msal.proxy.tests/bin/debug/netcoreapp3.1/ocp.msal.proxy.tests.dll" id="eb223c9f-24bf-8303-38b3-d6113beb6012">
      <Execution id="ff3b13f8-f980-4fd2-9152-06faefbd59dd" />
      <TestMethod codeBase="/app/OCP.Msal.Proxy.Tests/bin/Debug/netcoreapp3.1/OCP.Msal.Proxy.Tests.dll" adapterTypeName="executor://xunit/VsTestRunner2/netcoreapp" className="OCP.Msal.Proxy.Tests.AuthControllerTests" name="ClaimIsInjectedIntoHeaderAsExpected" />
    </UnitTest>
  </TestDefinitions>
  <TestEntries>
    <TestEntry testId="eb223c9f-24bf-8303-38b3-d6113beb6012" executionId="ff3b13f8-f980-4fd2-9152-06faefbd59dd" testListId="8c84fa94-04c1-424b-9868-57a2d4851a1d" />
  </TestEntries>
  <TestLists>
    <TestList name="Results Not in a List" id="8c84fa94-04c1-424b-9868-57a2d4851a1d" />
    <TestList name="All Loaded Results" id="19431567-8539-422a-85d7-44ee4e166bda" />
  </TestLists>
  <ResultSummary outcome="Completed">
    <Counters total="1" executed="1" passed="1" failed="0" error="0" timeout="0" aborted="0" inconclusive="0" passedButRunAborted="0" notRunnable="0" notExecuted="0" disconnected="0" warning="0" completed="0" inProgress="0" pending="0" />
    <Output>
      <StdOut>[xUnit.net 00:00:00.00] xUnit.net VSTest Adapter v2.4.1 (64-bit .NET Core 3.1.6)
[xUnit.net 00:00:01.22]   Discovering: OCP.Msal.Proxy.Tests
[xUnit.net 00:00:01.28]   Discovered:  OCP.Msal.Proxy.Tests
[xUnit.net 00:00:01.29]   Starting:    OCP.Msal.Proxy.Tests
[xUnit.net 00:00:01.43]   Finished:    OCP.Msal.Proxy.Tests
</StdOut>
    </Output>
  </ResultSummary>
</TestRun>