<?xml version="1.0" encoding="utf-8"?>
<TestRun id="d11b73c5-98f0-49e7-b4d7-bd0f43dde167" name="@16b239a173a5 2020-07-29 21:52:22" xmlns="http://microsoft.com/schemas/VisualStudio/TeamTest/2010">
  <Times creation="2020-07-29T21:52:22.2562504+00:00" queuing="2020-07-29T21:52:22.2562507+00:00" start="2020-07-29T21:52:19.4779645+00:00" finish="2020-07-29T21:52:22.2729768+00:00" />
  <TestSettings name="default" id="6cf980bc-63fa-4ac5-a408-7f526b4e6c40">
    <Deployment runDeploymentRoot="_16b239a173a5_2020-07-29_21_52_22" />
  </TestSettings>
  <Results>
    <UnitTestResult executionId="19f3bd41-cfd7-4c8e-8669-c3ff132048b3" testId="eb223c9f-24bf-8303-38b3-d6113beb6012" testName="OCP.Msal.Proxy.Tests.AuthControllerTests.ClaimIsInjectedIntoHeaderAsExpected" computerName="16b239a173a5" duration="00:00:00.0113796" startTime="2020-07-29T21:52:22.1122164+00:00" endTime="2020-07-29T21:52:22.1123227+00:00" testType="13cdc9d9-ddb5-4fa4-a97d-d965ccfc6d4b" outcome="Passed" testListId="8c84fa94-04c1-424b-9868-57a2d4851a1d" relativeResultsDirectory="19f3bd41-cfd7-4c8e-8669-c3ff132048b3" />
  </Results>
  <TestDefinitions>
    <UnitTest name="OCP.Msal.Proxy.Tests.AuthControllerTests.ClaimIsInjectedIntoHeaderAsExpected" storage="/app/ocp.msal.proxy.tests/bin/debug/netcoreapp3.1/ocp.msal.proxy.tests.dll" id="eb223c9f-24bf-8303-38b3-d6113beb6012">
      <Execution id="19f3bd41-cfd7-4c8e-8669-c3ff132048b3" />
      <TestMethod codeBase="/app/OCP.Msal.Proxy.Tests/bin/Debug/netcoreapp3.1/OCP.Msal.Proxy.Tests.dll" adapterTypeName="executor://xunit/VsTestRunner2/netcoreapp" className="OCP.Msal.Proxy.Tests.AuthControllerTests" name="ClaimIsInjectedIntoHeaderAsExpected" />
    </UnitTest>
  </TestDefinitions>
  <TestEntries>
    <TestEntry testId="eb223c9f-24bf-8303-38b3-d6113beb6012" executionId="19f3bd41-cfd7-4c8e-8669-c3ff132048b3" testListId="8c84fa94-04c1-424b-9868-57a2d4851a1d" />
  </TestEntries>
  <TestLists>
    <TestList name="Results Not in a List" id="8c84fa94-04c1-424b-9868-57a2d4851a1d" />
    <TestList name="All Loaded Results" id="19431567-8539-422a-85d7-44ee4e166bda" />
  </TestLists>
  <ResultSummary outcome="Completed">
    <Counters total="1" executed="1" passed="1" failed="0" error="0" timeout="0" aborted="0" inconclusive="0" passedButRunAborted="0" notRunnable="0" notExecuted="0" disconnected="0" warning="0" completed="0" inProgress="0" pending="0" />
    <Output>
      <StdOut>[xUnit.net 00:00:00.00] xUnit.net VSTest Adapter v2.4.1 (64-bit .NET Core 3.1.6)
[xUnit.net 00:00:01.10]   Discovering: OCP.Msal.Proxy.Tests
[xUnit.net 00:00:01.16]   Discovered:  OCP.Msal.Proxy.Tests
[xUnit.net 00:00:01.16]   Starting:    OCP.Msal.Proxy.Tests
[xUnit.net 00:00:01.28]   Finished:    OCP.Msal.Proxy.Tests
</StdOut>
    </Output>
  </ResultSummary>
</TestRun>