<?xml version="1.0" encoding="utf-8"?>
<TestRun id="68b49e3c-40fd-428d-9583-fda5278b060b" name="@85eebe54e885 2020-01-31 15:23:16" xmlns="http://microsoft.com/schemas/VisualStudio/TeamTest/2010">
  <Times creation="2020-01-31T15:23:16.4222713+00:00" queuing="2020-01-31T15:23:16.4222714+00:00" start="2020-01-31T15:23:13.8063130+00:00" finish="2020-01-31T15:23:16.4355857+00:00" />
  <TestSettings name="default" id="fc66d5d0-0675-4ac2-8a64-41937816532a">
    <Deployment runDeploymentRoot="_85eebe54e885_2020-01-31_15_23_16" />
  </TestSettings>
  <Results>
    <UnitTestResult executionId="e5511f44-423a-4819-8a4d-974a7d1f244f" testId="eb223c9f-24bf-8303-38b3-d6113beb6012" testName="OCP.Msal.Proxy.Tests.AuthControllerTests.ClaimIsInjectedIntoHeaderAsExpected" computerName="85eebe54e885" duration="00:00:00.0093795" startTime="2020-01-31T15:23:16.2974145+00:00" endTime="2020-01-31T15:23:16.2975061+00:00" testType="13cdc9d9-ddb5-4fa4-a97d-d965ccfc6d4b" outcome="Passed" testListId="8c84fa94-04c1-424b-9868-57a2d4851a1d" relativeResultsDirectory="e5511f44-423a-4819-8a4d-974a7d1f244f" />
  </Results>
  <TestDefinitions>
    <UnitTest name="OCP.Msal.Proxy.Tests.AuthControllerTests.ClaimIsInjectedIntoHeaderAsExpected" storage="/app/ocp.msal.proxy.tests/bin/debug/netcoreapp3.1/ocp.msal.proxy.tests.dll" id="eb223c9f-24bf-8303-38b3-d6113beb6012">
      <Execution id="e5511f44-423a-4819-8a4d-974a7d1f244f" />
      <TestMethod codeBase="/app/OCP.Msal.Proxy.Tests/bin/Debug/netcoreapp3.1/OCP.Msal.Proxy.Tests.dll" adapterTypeName="executor://xunit/VsTestRunner2/netcoreapp" className="OCP.Msal.Proxy.Tests.AuthControllerTests" name="OCP.Msal.Proxy.Tests.AuthControllerTests.ClaimIsInjectedIntoHeaderAsExpected" />
    </UnitTest>
  </TestDefinitions>
  <TestEntries>
    <TestEntry testId="eb223c9f-24bf-8303-38b3-d6113beb6012" executionId="e5511f44-423a-4819-8a4d-974a7d1f244f" testListId="8c84fa94-04c1-424b-9868-57a2d4851a1d" />
  </TestEntries>
  <TestLists>
    <TestList name="Results Not in a List" id="8c84fa94-04c1-424b-9868-57a2d4851a1d" />
    <TestList name="All Loaded Results" id="19431567-8539-422a-85d7-44ee4e166bda" />
  </TestLists>
  <ResultSummary outcome="Completed">
    <Counters total="1" executed="1" passed="1" failed="0" error="0" timeout="0" aborted="0" inconclusive="0" passedButRunAborted="0" notRunnable="0" notExecuted="0" disconnected="0" warning="0" completed="0" inProgress="0" pending="0" />
    <Output>
      <StdOut>[xUnit.net 00:00:00.00] xUnit.net VSTest Adapter v2.4.1 (64-bit .NET Core 3.1.1)
[xUnit.net 00:00:00.96]   Discovering: OCP.Msal.Proxy.Tests
[xUnit.net 00:00:01.02]   Discovered:  OCP.Msal.Proxy.Tests
[xUnit.net 00:00:01.02]   Starting:    OCP.Msal.Proxy.Tests
[xUnit.net 00:00:01.12]   Finished:    OCP.Msal.Proxy.Tests
</StdOut>
    </Output>
  </ResultSummary>
</TestRun>