<?xml version="1.0" encoding="utf-8"?>
<TestRun id="e6910efe-8b70-4604-83bc-d1cf43bd321e" name="@253c15164521 2020-01-31 22:58:54" xmlns="http://microsoft.com/schemas/VisualStudio/TeamTest/2010">
  <Times creation="2020-01-31T22:58:54.6487973+00:00" queuing="2020-01-31T22:58:54.6487974+00:00" start="2020-01-31T22:58:51.8127669+00:00" finish="2020-01-31T22:58:54.6644167+00:00" />
  <TestSettings name="default" id="3fab7137-396f-4461-bc59-6d33caa0e45b">
    <Deployment runDeploymentRoot="_253c15164521_2020-01-31_22_58_54" />
  </TestSettings>
  <Results>
    <UnitTestResult executionId="dd603bc5-925d-4d46-baf7-8a2b74641454" testId="eb223c9f-24bf-8303-38b3-d6113beb6012" testName="OCP.Msal.Proxy.Tests.AuthControllerTests.ClaimIsInjectedIntoHeaderAsExpected" computerName="253c15164521" duration="00:00:00.0113008" startTime="2020-01-31T22:58:54.5052996+00:00" endTime="2020-01-31T22:58:54.5054075+00:00" testType="13cdc9d9-ddb5-4fa4-a97d-d965ccfc6d4b" outcome="Passed" testListId="8c84fa94-04c1-424b-9868-57a2d4851a1d" relativeResultsDirectory="dd603bc5-925d-4d46-baf7-8a2b74641454" />
  </Results>
  <TestDefinitions>
    <UnitTest name="OCP.Msal.Proxy.Tests.AuthControllerTests.ClaimIsInjectedIntoHeaderAsExpected" storage="/app/ocp.msal.proxy.tests/bin/debug/netcoreapp3.1/ocp.msal.proxy.tests.dll" id="eb223c9f-24bf-8303-38b3-d6113beb6012">
      <Execution id="dd603bc5-925d-4d46-baf7-8a2b74641454" />
      <TestMethod codeBase="/app/OCP.Msal.Proxy.Tests/bin/Debug/netcoreapp3.1/OCP.Msal.Proxy.Tests.dll" adapterTypeName="executor://xunit/VsTestRunner2/netcoreapp" className="OCP.Msal.Proxy.Tests.AuthControllerTests" name="OCP.Msal.Proxy.Tests.AuthControllerTests.ClaimIsInjectedIntoHeaderAsExpected" />
    </UnitTest>
  </TestDefinitions>
  <TestEntries>
    <TestEntry testId="eb223c9f-24bf-8303-38b3-d6113beb6012" executionId="dd603bc5-925d-4d46-baf7-8a2b74641454" testListId="8c84fa94-04c1-424b-9868-57a2d4851a1d" />
  </TestEntries>
  <TestLists>
    <TestList name="Results Not in a List" id="8c84fa94-04c1-424b-9868-57a2d4851a1d" />
    <TestList name="All Loaded Results" id="19431567-8539-422a-85d7-44ee4e166bda" />
  </TestLists>
  <ResultSummary outcome="Completed">
    <Counters total="1" executed="1" passed="1" failed="0" error="0" timeout="0" aborted="0" inconclusive="0" passedButRunAborted="0" notRunnable="0" notExecuted="0" disconnected="0" warning="0" completed="0" inProgress="0" pending="0" />
    <Output>
      <StdOut>[xUnit.net 00:00:00.00] xUnit.net VSTest Adapter v2.4.1 (64-bit .NET Core 3.1.1)
[xUnit.net 00:00:01.16]   Discovering: OCP.Msal.Proxy.Tests
[xUnit.net 00:00:01.21]   Discovered:  OCP.Msal.Proxy.Tests
[xUnit.net 00:00:01.21]   Starting:    OCP.Msal.Proxy.Tests
[xUnit.net 00:00:01.33]   Finished:    OCP.Msal.Proxy.Tests
</StdOut>
    </Output>
  </ResultSummary>
</TestRun>