<?xml version="1.0" encoding="utf-8"?>
<TestRun id="30e69979-af23-45ca-a845-41f10419621e" name="@5ec9aef87a1d 2020-01-31 23:09:41" xmlns="http://microsoft.com/schemas/VisualStudio/TeamTest/2010">
  <Times creation="2020-01-31T23:09:41.5589012+00:00" queuing="2020-01-31T23:09:41.5589013+00:00" start="2020-01-31T23:09:38.9456595+00:00" finish="2020-01-31T23:09:41.5726024+00:00" />
  <TestSettings name="default" id="a44e5cee-7fe3-4df9-9f36-ce080e575fce">
    <Deployment runDeploymentRoot="_5ec9aef87a1d_2020-01-31_23_09_41" />
  </TestSettings>
  <Results>
    <UnitTestResult executionId="55261033-d6dd-4ad9-98b6-09af69ee575f" testId="eb223c9f-24bf-8303-38b3-d6113beb6012" testName="OCP.Msal.Proxy.Tests.AuthControllerTests.ClaimIsInjectedIntoHeaderAsExpected" computerName="5ec9aef87a1d" duration="00:00:00.0099709" startTime="2020-01-31T23:09:41.4279425+00:00" endTime="2020-01-31T23:09:41.4280558+00:00" testType="13cdc9d9-ddb5-4fa4-a97d-d965ccfc6d4b" outcome="Passed" testListId="8c84fa94-04c1-424b-9868-57a2d4851a1d" relativeResultsDirectory="55261033-d6dd-4ad9-98b6-09af69ee575f" />
  </Results>
  <TestDefinitions>
    <UnitTest name="OCP.Msal.Proxy.Tests.AuthControllerTests.ClaimIsInjectedIntoHeaderAsExpected" storage="/app/ocp.msal.proxy.tests/bin/debug/netcoreapp3.1/ocp.msal.proxy.tests.dll" id="eb223c9f-24bf-8303-38b3-d6113beb6012">
      <Execution id="55261033-d6dd-4ad9-98b6-09af69ee575f" />
      <TestMethod codeBase="/app/OCP.Msal.Proxy.Tests/bin/Debug/netcoreapp3.1/OCP.Msal.Proxy.Tests.dll" adapterTypeName="executor://xunit/VsTestRunner2/netcoreapp" className="OCP.Msal.Proxy.Tests.AuthControllerTests" name="OCP.Msal.Proxy.Tests.AuthControllerTests.ClaimIsInjectedIntoHeaderAsExpected" />
    </UnitTest>
  </TestDefinitions>
  <TestEntries>
    <TestEntry testId="eb223c9f-24bf-8303-38b3-d6113beb6012" executionId="55261033-d6dd-4ad9-98b6-09af69ee575f" testListId="8c84fa94-04c1-424b-9868-57a2d4851a1d" />
  </TestEntries>
  <TestLists>
    <TestList name="Results Not in a List" id="8c84fa94-04c1-424b-9868-57a2d4851a1d" />
    <TestList name="All Loaded Results" id="19431567-8539-422a-85d7-44ee4e166bda" />
  </TestLists>
  <ResultSummary outcome="Completed">
    <Counters total="1" executed="1" passed="1" failed="0" error="0" timeout="0" aborted="0" inconclusive="0" passedButRunAborted="0" notRunnable="0" notExecuted="0" disconnected="0" warning="0" completed="0" inProgress="0" pending="0" />
    <Output>
      <StdOut>[xUnit.net 00:00:00.00] xUnit.net VSTest Adapter v2.4.1 (64-bit .NET Core 3.1.1)
[xUnit.net 00:00:00.96]   Discovering: OCP.Msal.Proxy.Tests
[xUnit.net 00:00:01.02]   Discovered:  OCP.Msal.Proxy.Tests
[xUnit.net 00:00:01.02]   Starting:    OCP.Msal.Proxy.Tests
[xUnit.net 00:00:01.12]   Finished:    OCP.Msal.Proxy.Tests
</StdOut>
    </Output>
  </ResultSummary>
</TestRun>