<?xml version="1.0" encoding="utf-8"?>
<TestRun id="826b6dad-1863-4c09-a7d0-2b3910af0d05" name="@af6eb21c4ec3 2020-01-31 22:52:38" xmlns="http://microsoft.com/schemas/VisualStudio/TeamTest/2010">
  <Times creation="2020-01-31T22:52:38.3285183+00:00" queuing="2020-01-31T22:52:38.3285184+00:00" start="2020-01-31T22:52:35.4774395+00:00" finish="2020-01-31T22:52:38.3440208+00:00" />
  <TestSettings name="default" id="ccb1304b-bf23-427f-89f4-674d7ea40a51">
    <Deployment runDeploymentRoot="_af6eb21c4ec3_2020-01-31_22_52_38" />
  </TestSettings>
  <Results>
    <UnitTestResult executionId="9aa27fad-0a4a-405c-b99a-60ea7dff7933" testId="eb223c9f-24bf-8303-38b3-d6113beb6012" testName="OCP.Msal.Proxy.Tests.AuthControllerTests.ClaimIsInjectedIntoHeaderAsExpected" computerName="af6eb21c4ec3" duration="00:00:00.0118875" startTime="2020-01-31T22:52:38.1794632+00:00" endTime="2020-01-31T22:52:38.1795773+00:00" testType="13cdc9d9-ddb5-4fa4-a97d-d965ccfc6d4b" outcome="Passed" testListId="8c84fa94-04c1-424b-9868-57a2d4851a1d" relativeResultsDirectory="9aa27fad-0a4a-405c-b99a-60ea7dff7933" />
  </Results>
  <TestDefinitions>
    <UnitTest name="OCP.Msal.Proxy.Tests.AuthControllerTests.ClaimIsInjectedIntoHeaderAsExpected" storage="/app/ocp.msal.proxy.tests/bin/debug/netcoreapp3.1/ocp.msal.proxy.tests.dll" id="eb223c9f-24bf-8303-38b3-d6113beb6012">
      <Execution id="9aa27fad-0a4a-405c-b99a-60ea7dff7933" />
      <TestMethod codeBase="/app/OCP.Msal.Proxy.Tests/bin/Debug/netcoreapp3.1/OCP.Msal.Proxy.Tests.dll" adapterTypeName="executor://xunit/VsTestRunner2/netcoreapp" className="OCP.Msal.Proxy.Tests.AuthControllerTests" name="OCP.Msal.Proxy.Tests.AuthControllerTests.ClaimIsInjectedIntoHeaderAsExpected" />
    </UnitTest>
  </TestDefinitions>
  <TestEntries>
    <TestEntry testId="eb223c9f-24bf-8303-38b3-d6113beb6012" executionId="9aa27fad-0a4a-405c-b99a-60ea7dff7933" testListId="8c84fa94-04c1-424b-9868-57a2d4851a1d" />
  </TestEntries>
  <TestLists>
    <TestList name="Results Not in a List" id="8c84fa94-04c1-424b-9868-57a2d4851a1d" />
    <TestList name="All Loaded Results" id="19431567-8539-422a-85d7-44ee4e166bda" />
  </TestLists>
  <ResultSummary outcome="Completed">
    <Counters total="1" executed="1" passed="1" failed="0" error="0" timeout="0" aborted="0" inconclusive="0" passedButRunAborted="0" notRunnable="0" notExecuted="0" disconnected="0" warning="0" completed="0" inProgress="0" pending="0" />
    <Output>
      <StdOut>[xUnit.net 00:00:00.00] xUnit.net VSTest Adapter v2.4.1 (64-bit .NET Core 3.1.1)
[xUnit.net 00:00:01.16]   Discovering: OCP.Msal.Proxy.Tests
[xUnit.net 00:00:01.22]   Discovered:  OCP.Msal.Proxy.Tests
[xUnit.net 00:00:01.22]   Starting:    OCP.Msal.Proxy.Tests
[xUnit.net 00:00:01.34]   Finished:    OCP.Msal.Proxy.Tests
</StdOut>
    </Output>
  </ResultSummary>
</TestRun>