<?xml version="1.0" encoding="utf-8"?>
<TestRun id="7dce6e95-dfdc-45bc-a5d2-210875fa4907" name="@bc60f51f84c0 2020-01-31 21:11:07" xmlns="http://microsoft.com/schemas/VisualStudio/TeamTest/2010">
  <Times creation="2020-01-31T21:11:07.4891836+00:00" queuing="2020-01-31T21:11:07.4891837+00:00" start="2020-01-31T21:11:04.5003506+00:00" finish="2020-01-31T21:11:07.5065510+00:00" />
  <TestSettings name="default" id="93f2aff0-ccfd-4794-bb7d-f6cf55544785">
    <Deployment runDeploymentRoot="_bc60f51f84c0_2020-01-31_21_11_07" />
  </TestSettings>
  <Results>
    <UnitTestResult executionId="090ed6f3-3ede-4c9d-9064-d1bee5ea1277" testId="eb223c9f-24bf-8303-38b3-d6113beb6012" testName="OCP.Msal.Proxy.Tests.AuthControllerTests.ClaimIsInjectedIntoHeaderAsExpected" computerName="bc60f51f84c0" duration="00:00:00.0130479" startTime="2020-01-31T21:11:07.3668714+00:00" endTime="2020-01-31T21:11:07.3670149+00:00" testType="13cdc9d9-ddb5-4fa4-a97d-d965ccfc6d4b" outcome="Passed" testListId="8c84fa94-04c1-424b-9868-57a2d4851a1d" relativeResultsDirectory="090ed6f3-3ede-4c9d-9064-d1bee5ea1277" />
  </Results>
  <TestDefinitions>
    <UnitTest name="OCP.Msal.Proxy.Tests.AuthControllerTests.ClaimIsInjectedIntoHeaderAsExpected" storage="/app/ocp.msal.proxy.tests/bin/debug/netcoreapp3.1/ocp.msal.proxy.tests.dll" id="eb223c9f-24bf-8303-38b3-d6113beb6012">
      <Execution id="090ed6f3-3ede-4c9d-9064-d1bee5ea1277" />
      <TestMethod codeBase="/app/OCP.Msal.Proxy.Tests/bin/Debug/netcoreapp3.1/OCP.Msal.Proxy.Tests.dll" adapterTypeName="executor://xunit/VsTestRunner2/netcoreapp" className="OCP.Msal.Proxy.Tests.AuthControllerTests" name="OCP.Msal.Proxy.Tests.AuthControllerTests.ClaimIsInjectedIntoHeaderAsExpected" />
    </UnitTest>
  </TestDefinitions>
  <TestEntries>
    <TestEntry testId="eb223c9f-24bf-8303-38b3-d6113beb6012" executionId="090ed6f3-3ede-4c9d-9064-d1bee5ea1277" testListId="8c84fa94-04c1-424b-9868-57a2d4851a1d" />
  </TestEntries>
  <TestLists>
    <TestList name="Results Not in a List" id="8c84fa94-04c1-424b-9868-57a2d4851a1d" />
    <TestList name="All Loaded Results" id="19431567-8539-422a-85d7-44ee4e166bda" />
  </TestLists>
  <ResultSummary outcome="Completed">
    <Counters total="1" executed="1" passed="1" failed="0" error="0" timeout="0" aborted="0" inconclusive="0" passedButRunAborted="0" notRunnable="0" notExecuted="0" disconnected="0" warning="0" completed="0" inProgress="0" pending="0" />
    <Output>
      <StdOut>[xUnit.net 00:00:00.00] xUnit.net VSTest Adapter v2.4.1 (64-bit .NET Core 3.1.1)
[xUnit.net 00:00:01.27]   Discovering: OCP.Msal.Proxy.Tests
[xUnit.net 00:00:01.34]   Discovered:  OCP.Msal.Proxy.Tests
[xUnit.net 00:00:01.34]   Starting:    OCP.Msal.Proxy.Tests
[xUnit.net 00:00:01.49]   Finished:    OCP.Msal.Proxy.Tests
</StdOut>
    </Output>
  </ResultSummary>
</TestRun>