<?xml version="1.0" encoding="utf-8"?>
<TestRun id="4edba437-0689-4f07-ae29-767aafc7aa4a" name="@51563a754732 2020-01-31 20:56:58" xmlns="http://microsoft.com/schemas/VisualStudio/TeamTest/2010">
  <Times creation="2020-01-31T20:56:58.8308651+00:00" queuing="2020-01-31T20:56:58.8308653+00:00" start="2020-01-31T20:56:56.0248108+00:00" finish="2020-01-31T20:56:58.8477731+00:00" />
  <TestSettings name="default" id="2cb747ac-944c-43d1-a1e7-beb7c841baef">
    <Deployment runDeploymentRoot="_51563a754732_2020-01-31_20_56_58" />
  </TestSettings>
  <Results>
    <UnitTestResult executionId="5d6ac6ce-45f1-49f4-82ee-fae70b5b7307" testId="eb223c9f-24bf-8303-38b3-d6113beb6012" testName="OCP.Msal.Proxy.Tests.AuthControllerTests.ClaimIsInjectedIntoHeaderAsExpected" computerName="51563a754732" duration="00:00:00.0110460" startTime="2020-01-31T20:56:58.6830319+00:00" endTime="2020-01-31T20:56:58.6831519+00:00" testType="13cdc9d9-ddb5-4fa4-a97d-d965ccfc6d4b" outcome="Passed" testListId="8c84fa94-04c1-424b-9868-57a2d4851a1d" relativeResultsDirectory="5d6ac6ce-45f1-49f4-82ee-fae70b5b7307" />
  </Results>
  <TestDefinitions>
    <UnitTest name="OCP.Msal.Proxy.Tests.AuthControllerTests.ClaimIsInjectedIntoHeaderAsExpected" storage="/app/ocp.msal.proxy.tests/bin/debug/netcoreapp3.1/ocp.msal.proxy.tests.dll" id="eb223c9f-24bf-8303-38b3-d6113beb6012">
      <Execution id="5d6ac6ce-45f1-49f4-82ee-fae70b5b7307" />
      <TestMethod codeBase="/app/OCP.Msal.Proxy.Tests/bin/Debug/netcoreapp3.1/OCP.Msal.Proxy.Tests.dll" adapterTypeName="executor://xunit/VsTestRunner2/netcoreapp" className="OCP.Msal.Proxy.Tests.AuthControllerTests" name="OCP.Msal.Proxy.Tests.AuthControllerTests.ClaimIsInjectedIntoHeaderAsExpected" />
    </UnitTest>
  </TestDefinitions>
  <TestEntries>
    <TestEntry testId="eb223c9f-24bf-8303-38b3-d6113beb6012" executionId="5d6ac6ce-45f1-49f4-82ee-fae70b5b7307" testListId="8c84fa94-04c1-424b-9868-57a2d4851a1d" />
  </TestEntries>
  <TestLists>
    <TestList name="Results Not in a List" id="8c84fa94-04c1-424b-9868-57a2d4851a1d" />
    <TestList name="All Loaded Results" id="19431567-8539-422a-85d7-44ee4e166bda" />
  </TestLists>
  <ResultSummary outcome="Completed">
    <Counters total="1" executed="1" passed="1" failed="0" error="0" timeout="0" aborted="0" inconclusive="0" passedButRunAborted="0" notRunnable="0" notExecuted="0" disconnected="0" warning="0" completed="0" inProgress="0" pending="0" />
    <Output>
      <StdOut>[xUnit.net 00:00:00.00] xUnit.net VSTest Adapter v2.4.1 (64-bit .NET Core 3.1.1)
[xUnit.net 00:00:01.11]   Discovering: OCP.Msal.Proxy.Tests
[xUnit.net 00:00:01.17]   Discovered:  OCP.Msal.Proxy.Tests
[xUnit.net 00:00:01.18]   Starting:    OCP.Msal.Proxy.Tests
[xUnit.net 00:00:01.29]   Finished:    OCP.Msal.Proxy.Tests
</StdOut>
    </Output>
  </ResultSummary>
</TestRun>