<?xml version="1.0" encoding="utf-8"?>
<TestRun id="a9273bce-eeb5-4d1b-bc0d-e1c371e53715" name="@18f07c30d0ff 2020-01-31 22:53:16" xmlns="http://microsoft.com/schemas/VisualStudio/TeamTest/2010">
  <Times creation="2020-01-31T22:53:16.6447645+00:00" queuing="2020-01-31T22:53:16.6447646+00:00" start="2020-01-31T22:53:13.9497933+00:00" finish="2020-01-31T22:53:16.6584063+00:00" />
  <TestSettings name="default" id="1fd3515b-84cb-4e53-83ac-42d5f6bc8e23">
    <Deployment runDeploymentRoot="_18f07c30d0ff_2020-01-31_22_53_16" />
  </TestSettings>
  <Results>
    <UnitTestResult executionId="bab1c11c-e85f-4cd8-864a-e9bf11fc3184" testId="eb223c9f-24bf-8303-38b3-d6113beb6012" testName="OCP.Msal.Proxy.Tests.AuthControllerTests.ClaimIsInjectedIntoHeaderAsExpected" computerName="18f07c30d0ff" duration="00:00:00.0095721" startTime="2020-01-31T22:53:16.5149959+00:00" endTime="2020-01-31T22:53:16.5151138+00:00" testType="13cdc9d9-ddb5-4fa4-a97d-d965ccfc6d4b" outcome="Passed" testListId="8c84fa94-04c1-424b-9868-57a2d4851a1d" relativeResultsDirectory="bab1c11c-e85f-4cd8-864a-e9bf11fc3184" />
  </Results>
  <TestDefinitions>
    <UnitTest name="OCP.Msal.Proxy.Tests.AuthControllerTests.ClaimIsInjectedIntoHeaderAsExpected" storage="/app/ocp.msal.proxy.tests/bin/debug/netcoreapp3.1/ocp.msal.proxy.tests.dll" id="eb223c9f-24bf-8303-38b3-d6113beb6012">
      <Execution id="bab1c11c-e85f-4cd8-864a-e9bf11fc3184" />
      <TestMethod codeBase="/app/OCP.Msal.Proxy.Tests/bin/Debug/netcoreapp3.1/OCP.Msal.Proxy.Tests.dll" adapterTypeName="executor://xunit/VsTestRunner2/netcoreapp" className="OCP.Msal.Proxy.Tests.AuthControllerTests" name="OCP.Msal.Proxy.Tests.AuthControllerTests.ClaimIsInjectedIntoHeaderAsExpected" />
    </UnitTest>
  </TestDefinitions>
  <TestEntries>
    <TestEntry testId="eb223c9f-24bf-8303-38b3-d6113beb6012" executionId="bab1c11c-e85f-4cd8-864a-e9bf11fc3184" testListId="8c84fa94-04c1-424b-9868-57a2d4851a1d" />
  </TestEntries>
  <TestLists>
    <TestList name="Results Not in a List" id="8c84fa94-04c1-424b-9868-57a2d4851a1d" />
    <TestList name="All Loaded Results" id="19431567-8539-422a-85d7-44ee4e166bda" />
  </TestLists>
  <ResultSummary outcome="Completed">
    <Counters total="1" executed="1" passed="1" failed="0" error="0" timeout="0" aborted="0" inconclusive="0" passedButRunAborted="0" notRunnable="0" notExecuted="0" disconnected="0" warning="0" completed="0" inProgress="0" pending="0" />
    <Output>
      <StdOut>[xUnit.net 00:00:00.00] xUnit.net VSTest Adapter v2.4.1 (64-bit .NET Core 3.1.1)
[xUnit.net 00:00:00.98]   Discovering: OCP.Msal.Proxy.Tests
[xUnit.net 00:00:01.04]   Discovered:  OCP.Msal.Proxy.Tests
[xUnit.net 00:00:01.04]   Starting:    OCP.Msal.Proxy.Tests
[xUnit.net 00:00:01.15]   Finished:    OCP.Msal.Proxy.Tests
</StdOut>
    </Output>
  </ResultSummary>
</TestRun>