<?xml version="1.0" encoding="utf-8"?>
<TestRun id="b5ee5442-a74e-476c-9394-9623e4a4d7d8" name="@ab6b4cd346bc 2020-07-27 19:07:24" xmlns="http://microsoft.com/schemas/VisualStudio/TeamTest/2010">
  <Times creation="2020-07-27T19:07:24.2945834+00:00" queuing="2020-07-27T19:07:24.2945836+00:00" start="2020-07-27T19:07:21.5443196+00:00" finish="2020-07-27T19:07:24.3113410+00:00" />
  <TestSettings name="default" id="5577fda5-83c1-49dd-a79f-10e40cb5bb20">
    <Deployment runDeploymentRoot="_ab6b4cd346bc_2020-07-27_19_07_24" />
  </TestSettings>
  <Results>
    <UnitTestResult executionId="26318d77-a5e0-42e2-acad-059dcb6f7272" testId="eb223c9f-24bf-8303-38b3-d6113beb6012" testName="OCP.Msal.Proxy.Tests.AuthControllerTests.ClaimIsInjectedIntoHeaderAsExpected" computerName="ab6b4cd346bc" duration="00:00:00.0110636" startTime="2020-07-27T19:07:24.1509846+00:00" endTime="2020-07-27T19:07:24.1511412+00:00" testType="13cdc9d9-ddb5-4fa4-a97d-d965ccfc6d4b" outcome="Passed" testListId="8c84fa94-04c1-424b-9868-57a2d4851a1d" relativeResultsDirectory="26318d77-a5e0-42e2-acad-059dcb6f7272" />
  </Results>
  <TestDefinitions>
    <UnitTest name="OCP.Msal.Proxy.Tests.AuthControllerTests.ClaimIsInjectedIntoHeaderAsExpected" storage="/app/ocp.msal.proxy.tests/bin/debug/netcoreapp3.1/ocp.msal.proxy.tests.dll" id="eb223c9f-24bf-8303-38b3-d6113beb6012">
      <Execution id="26318d77-a5e0-42e2-acad-059dcb6f7272" />
      <TestMethod codeBase="/app/OCP.Msal.Proxy.Tests/bin/Debug/netcoreapp3.1/OCP.Msal.Proxy.Tests.dll" adapterTypeName="executor://xunit/VsTestRunner2/netcoreapp" className="OCP.Msal.Proxy.Tests.AuthControllerTests" name="ClaimIsInjectedIntoHeaderAsExpected" />
    </UnitTest>
  </TestDefinitions>
  <TestEntries>
    <TestEntry testId="eb223c9f-24bf-8303-38b3-d6113beb6012" executionId="26318d77-a5e0-42e2-acad-059dcb6f7272" testListId="8c84fa94-04c1-424b-9868-57a2d4851a1d" />
  </TestEntries>
  <TestLists>
    <TestList name="Results Not in a List" id="8c84fa94-04c1-424b-9868-57a2d4851a1d" />
    <TestList name="All Loaded Results" id="19431567-8539-422a-85d7-44ee4e166bda" />
  </TestLists>
  <ResultSummary outcome="Completed">
    <Counters total="1" executed="1" passed="1" failed="0" error="0" timeout="0" aborted="0" inconclusive="0" passedButRunAborted="0" notRunnable="0" notExecuted="0" disconnected="0" warning="0" completed="0" inProgress="0" pending="0" />
    <Output>
      <StdOut>[xUnit.net 00:00:00.00] xUnit.net VSTest Adapter v2.4.1 (64-bit .NET Core 3.1.6)
[xUnit.net 00:00:01.08]   Discovering: OCP.Msal.Proxy.Tests
[xUnit.net 00:00:01.14]   Discovered:  OCP.Msal.Proxy.Tests
[xUnit.net 00:00:01.15]   Starting:    OCP.Msal.Proxy.Tests
[xUnit.net 00:00:01.26]   Finished:    OCP.Msal.Proxy.Tests
</StdOut>
    </Output>
  </ResultSummary>
</TestRun>