<?xml version="1.0" encoding="utf-8"?>
<TestRun id="3ac0a068-d5a3-41f3-9fcb-a65f5fe65fab" name="@0f44c2e596d3 2020-03-10 23:37:21" xmlns="http://microsoft.com/schemas/VisualStudio/TeamTest/2010">
  <Times creation="2020-03-10T23:37:21.7266488+00:00" queuing="2020-03-10T23:37:21.7266489+00:00" start="2020-03-10T23:37:18.9636904+00:00" finish="2020-03-10T23:37:21.7400519+00:00" />
  <TestSettings name="default" id="4733df23-e89a-484e-8156-38f39098f9d8">
    <Deployment runDeploymentRoot="_0f44c2e596d3_2020-03-10_23_37_21" />
  </TestSettings>
  <Results>
    <UnitTestResult executionId="0ec8a7b6-1dd0-4117-8ca6-79caf4ed9709" testId="eb223c9f-24bf-8303-38b3-d6113beb6012" testName="OCP.Msal.Proxy.Tests.AuthControllerTests.ClaimIsInjectedIntoHeaderAsExpected" computerName="0f44c2e596d3" duration="00:00:00.0105303" startTime="2020-03-10T23:37:21.5926549+00:00" endTime="2020-03-10T23:37:21.5927463+00:00" testType="13cdc9d9-ddb5-4fa4-a97d-d965ccfc6d4b" outcome="Passed" testListId="8c84fa94-04c1-424b-9868-57a2d4851a1d" relativeResultsDirectory="0ec8a7b6-1dd0-4117-8ca6-79caf4ed9709" />
  </Results>
  <TestDefinitions>
    <UnitTest name="OCP.Msal.Proxy.Tests.AuthControllerTests.ClaimIsInjectedIntoHeaderAsExpected" storage="/app/ocp.msal.proxy.tests/bin/debug/netcoreapp3.1/ocp.msal.proxy.tests.dll" id="eb223c9f-24bf-8303-38b3-d6113beb6012">
      <Execution id="0ec8a7b6-1dd0-4117-8ca6-79caf4ed9709" />
      <TestMethod codeBase="/app/OCP.Msal.Proxy.Tests/bin/Debug/netcoreapp3.1/OCP.Msal.Proxy.Tests.dll" adapterTypeName="executor://xunit/VsTestRunner2/netcoreapp" className="OCP.Msal.Proxy.Tests.AuthControllerTests" name="OCP.Msal.Proxy.Tests.AuthControllerTests.ClaimIsInjectedIntoHeaderAsExpected" />
    </UnitTest>
  </TestDefinitions>
  <TestEntries>
    <TestEntry testId="eb223c9f-24bf-8303-38b3-d6113beb6012" executionId="0ec8a7b6-1dd0-4117-8ca6-79caf4ed9709" testListId="8c84fa94-04c1-424b-9868-57a2d4851a1d" />
  </TestEntries>
  <TestLists>
    <TestList name="Results Not in a List" id="8c84fa94-04c1-424b-9868-57a2d4851a1d" />
    <TestList name="All Loaded Results" id="19431567-8539-422a-85d7-44ee4e166bda" />
  </TestLists>
  <ResultSummary outcome="Completed">
    <Counters total="1" executed="1" passed="1" failed="0" error="0" timeout="0" aborted="0" inconclusive="0" passedButRunAborted="0" notRunnable="0" notExecuted="0" disconnected="0" warning="0" completed="0" inProgress="0" pending="0" />
    <Output>
      <StdOut>[xUnit.net 00:00:00.00] xUnit.net VSTest Adapter v2.4.1 (64-bit .NET Core 3.1.2)
[xUnit.net 00:00:01.09]   Discovering: OCP.Msal.Proxy.Tests
[xUnit.net 00:00:01.14]   Discovered:  OCP.Msal.Proxy.Tests
[xUnit.net 00:00:01.14]   Starting:    OCP.Msal.Proxy.Tests
[xUnit.net 00:00:01.25]   Finished:    OCP.Msal.Proxy.Tests
</StdOut>
    </Output>
  </ResultSummary>
</TestRun>