<?xml version="1.0" encoding="utf-8"?>
<TestRun id="f0f11aac-26f8-41e2-b76e-18b891fc2244" name="@d956fd6916f3 2020-03-10 23:57:43" xmlns="http://microsoft.com/schemas/VisualStudio/TeamTest/2010">
  <Times creation="2020-03-10T23:57:43.3333724+00:00" queuing="2020-03-10T23:57:43.3333726+00:00" start="2020-03-10T23:57:40.3068944+00:00" finish="2020-03-10T23:57:43.3534929+00:00" />
  <TestSettings name="default" id="9a7a15cc-82dc-4719-8881-84441964d3c5">
    <Deployment runDeploymentRoot="_d956fd6916f3_2020-03-10_23_57_43" />
  </TestSettings>
  <Results>
    <UnitTestResult executionId="a1c011ef-888c-4313-a5ce-a8bd32ccbe24" testId="eb223c9f-24bf-8303-38b3-d6113beb6012" testName="OCP.Msal.Proxy.Tests.AuthControllerTests.ClaimIsInjectedIntoHeaderAsExpected" computerName="d956fd6916f3" duration="00:00:00.0116642" startTime="2020-03-10T23:57:43.1897117+00:00" endTime="2020-03-10T23:57:43.1898662+00:00" testType="13cdc9d9-ddb5-4fa4-a97d-d965ccfc6d4b" outcome="Passed" testListId="8c84fa94-04c1-424b-9868-57a2d4851a1d" relativeResultsDirectory="a1c011ef-888c-4313-a5ce-a8bd32ccbe24" />
  </Results>
  <TestDefinitions>
    <UnitTest name="OCP.Msal.Proxy.Tests.AuthControllerTests.ClaimIsInjectedIntoHeaderAsExpected" storage="/app/ocp.msal.proxy.tests/bin/debug/netcoreapp3.1/ocp.msal.proxy.tests.dll" id="eb223c9f-24bf-8303-38b3-d6113beb6012">
      <Execution id="a1c011ef-888c-4313-a5ce-a8bd32ccbe24" />
      <TestMethod codeBase="/app/OCP.Msal.Proxy.Tests/bin/Debug/netcoreapp3.1/OCP.Msal.Proxy.Tests.dll" adapterTypeName="executor://xunit/VsTestRunner2/netcoreapp" className="OCP.Msal.Proxy.Tests.AuthControllerTests" name="OCP.Msal.Proxy.Tests.AuthControllerTests.ClaimIsInjectedIntoHeaderAsExpected" />
    </UnitTest>
  </TestDefinitions>
  <TestEntries>
    <TestEntry testId="eb223c9f-24bf-8303-38b3-d6113beb6012" executionId="a1c011ef-888c-4313-a5ce-a8bd32ccbe24" testListId="8c84fa94-04c1-424b-9868-57a2d4851a1d" />
  </TestEntries>
  <TestLists>
    <TestList name="Results Not in a List" id="8c84fa94-04c1-424b-9868-57a2d4851a1d" />
    <TestList name="All Loaded Results" id="19431567-8539-422a-85d7-44ee4e166bda" />
  </TestLists>
  <ResultSummary outcome="Completed">
    <Counters total="1" executed="1" passed="1" failed="0" error="0" timeout="0" aborted="0" inconclusive="0" passedButRunAborted="0" notRunnable="0" notExecuted="0" disconnected="0" warning="0" completed="0" inProgress="0" pending="0" />
    <Output>
      <StdOut>[xUnit.net 00:00:00.00] xUnit.net VSTest Adapter v2.4.1 (64-bit .NET Core 3.1.2)
[xUnit.net 00:00:01.27]   Discovering: OCP.Msal.Proxy.Tests
[xUnit.net 00:00:01.34]   Discovered:  OCP.Msal.Proxy.Tests
[xUnit.net 00:00:01.34]   Starting:    OCP.Msal.Proxy.Tests
[xUnit.net 00:00:01.48]   Finished:    OCP.Msal.Proxy.Tests
</StdOut>
    </Output>
  </ResultSummary>
</TestRun>