<?xml version="1.0" encoding="utf-8"?>
<TestRun id="5f28e837-0ed2-4db9-b3ae-d2a11ed8130a" name="@d3b9af2075a0 2020-01-31 23:10:26" xmlns="http://microsoft.com/schemas/VisualStudio/TeamTest/2010">
  <Times creation="2020-01-31T23:10:26.5515248+00:00" queuing="2020-01-31T23:10:26.5515250+00:00" start="2020-01-31T23:10:23.7382005+00:00" finish="2020-01-31T23:10:26.6068541+00:00" />
  <TestSettings name="default" id="82181bff-6f0b-4ba5-b345-d3899b7be1c2">
    <Deployment runDeploymentRoot="_d3b9af2075a0_2020-01-31_23_10_26" />
  </TestSettings>
  <Results>
    <UnitTestResult executionId="80451008-ce8a-4507-9608-44e750b9e54b" testId="eb223c9f-24bf-8303-38b3-d6113beb6012" testName="OCP.Msal.Proxy.Tests.AuthControllerTests.ClaimIsInjectedIntoHeaderAsExpected" computerName="d3b9af2075a0" duration="00:00:00.0113974" startTime="2020-01-31T23:10:26.4546896+00:00" endTime="2020-01-31T23:10:26.4547929+00:00" testType="13cdc9d9-ddb5-4fa4-a97d-d965ccfc6d4b" outcome="Passed" testListId="8c84fa94-04c1-424b-9868-57a2d4851a1d" relativeResultsDirectory="80451008-ce8a-4507-9608-44e750b9e54b" />
  </Results>
  <TestDefinitions>
    <UnitTest name="OCP.Msal.Proxy.Tests.AuthControllerTests.ClaimIsInjectedIntoHeaderAsExpected" storage="/app/ocp.msal.proxy.tests/bin/debug/netcoreapp3.1/ocp.msal.proxy.tests.dll" id="eb223c9f-24bf-8303-38b3-d6113beb6012">
      <Execution id="80451008-ce8a-4507-9608-44e750b9e54b" />
      <TestMethod codeBase="/app/OCP.Msal.Proxy.Tests/bin/Debug/netcoreapp3.1/OCP.Msal.Proxy.Tests.dll" adapterTypeName="executor://xunit/VsTestRunner2/netcoreapp" className="OCP.Msal.Proxy.Tests.AuthControllerTests" name="OCP.Msal.Proxy.Tests.AuthControllerTests.ClaimIsInjectedIntoHeaderAsExpected" />
    </UnitTest>
  </TestDefinitions>
  <TestEntries>
    <TestEntry testId="eb223c9f-24bf-8303-38b3-d6113beb6012" executionId="80451008-ce8a-4507-9608-44e750b9e54b" testListId="8c84fa94-04c1-424b-9868-57a2d4851a1d" />
  </TestEntries>
  <TestLists>
    <TestList name="Results Not in a List" id="8c84fa94-04c1-424b-9868-57a2d4851a1d" />
    <TestList name="All Loaded Results" id="19431567-8539-422a-85d7-44ee4e166bda" />
  </TestLists>
  <ResultSummary outcome="Completed">
    <Counters total="1" executed="1" passed="1" failed="0" error="0" timeout="0" aborted="0" inconclusive="0" passedButRunAborted="0" notRunnable="0" notExecuted="0" disconnected="0" warning="0" completed="0" inProgress="0" pending="0" />
    <Output>
      <StdOut>[xUnit.net 00:00:00.00] xUnit.net VSTest Adapter v2.4.1 (64-bit .NET Core 3.1.1)
[xUnit.net 00:00:01.17]   Discovering: OCP.Msal.Proxy.Tests
[xUnit.net 00:00:01.23]   Discovered:  OCP.Msal.Proxy.Tests
[xUnit.net 00:00:01.23]   Starting:    OCP.Msal.Proxy.Tests
[xUnit.net 00:00:01.35]   Finished:    OCP.Msal.Proxy.Tests
</StdOut>
    </Output>
  </ResultSummary>
</TestRun>