<?xml version="1.0" encoding="utf-8"?>
<TestRun id="47d8645d-cb06-4afb-a74e-1ce11d70cbec" name="@cf73b30df5b8 2020-07-29 20:26:57" xmlns="http://microsoft.com/schemas/VisualStudio/TeamTest/2010">
  <Times creation="2020-07-29T20:26:57.0822708+00:00" queuing="2020-07-29T20:26:57.0822710+00:00" start="2020-07-29T20:26:54.4231724+00:00" finish="2020-07-29T20:26:57.1024656+00:00" />
  <TestSettings name="default" id="16205dd1-3554-4b75-8a42-c6e76032febe">
    <Deployment runDeploymentRoot="_cf73b30df5b8_2020-07-29_20_26_57" />
  </TestSettings>
  <Results>
    <UnitTestResult executionId="8dde4c44-9442-4362-9ea0-f4922d7bd012" testId="eb223c9f-24bf-8303-38b3-d6113beb6012" testName="OCP.Msal.Proxy.Tests.AuthControllerTests.ClaimIsInjectedIntoHeaderAsExpected" computerName="cf73b30df5b8" duration="00:00:00.0107454" startTime="2020-07-29T20:26:56.9393781+00:00" endTime="2020-07-29T20:26:56.9394820+00:00" testType="13cdc9d9-ddb5-4fa4-a97d-d965ccfc6d4b" outcome="Passed" testListId="8c84fa94-04c1-424b-9868-57a2d4851a1d" relativeResultsDirectory="8dde4c44-9442-4362-9ea0-f4922d7bd012" />
  </Results>
  <TestDefinitions>
    <UnitTest name="OCP.Msal.Proxy.Tests.AuthControllerTests.ClaimIsInjectedIntoHeaderAsExpected" storage="/app/ocp.msal.proxy.tests/bin/debug/netcoreapp3.1/ocp.msal.proxy.tests.dll" id="eb223c9f-24bf-8303-38b3-d6113beb6012">
      <Execution id="8dde4c44-9442-4362-9ea0-f4922d7bd012" />
      <TestMethod codeBase="/app/OCP.Msal.Proxy.Tests/bin/Debug/netcoreapp3.1/OCP.Msal.Proxy.Tests.dll" adapterTypeName="executor://xunit/VsTestRunner2/netcoreapp" className="OCP.Msal.Proxy.Tests.AuthControllerTests" name="ClaimIsInjectedIntoHeaderAsExpected" />
    </UnitTest>
  </TestDefinitions>
  <TestEntries>
    <TestEntry testId="eb223c9f-24bf-8303-38b3-d6113beb6012" executionId="8dde4c44-9442-4362-9ea0-f4922d7bd012" testListId="8c84fa94-04c1-424b-9868-57a2d4851a1d" />
  </TestEntries>
  <TestLists>
    <TestList name="Results Not in a List" id="8c84fa94-04c1-424b-9868-57a2d4851a1d" />
    <TestList name="All Loaded Results" id="19431567-8539-422a-85d7-44ee4e166bda" />
  </TestLists>
  <ResultSummary outcome="Completed">
    <Counters total="1" executed="1" passed="1" failed="0" error="0" timeout="0" aborted="0" inconclusive="0" passedButRunAborted="0" notRunnable="0" notExecuted="0" disconnected="0" warning="0" completed="0" inProgress="0" pending="0" />
    <Output>
      <StdOut>[xUnit.net 00:00:00.00] xUnit.net VSTest Adapter v2.4.1 (64-bit .NET Core 3.1.6)
[xUnit.net 00:00:01.02]   Discovering: OCP.Msal.Proxy.Tests
[xUnit.net 00:00:01.08]   Discovered:  OCP.Msal.Proxy.Tests
[xUnit.net 00:00:01.09]   Starting:    OCP.Msal.Proxy.Tests
[xUnit.net 00:00:01.20]   Finished:    OCP.Msal.Proxy.Tests
</StdOut>
    </Output>
  </ResultSummary>
</TestRun>