<?xml version="1.0" encoding="utf-8"?>
<TestRun id="653a5984-67b7-44a8-94f1-b449e6349f77" name="@5df797d08eef 2020-03-10 22:02:42" xmlns="http://microsoft.com/schemas/VisualStudio/TeamTest/2010">
  <Times creation="2020-03-10T22:02:42.3636252+00:00" queuing="2020-03-10T22:02:42.3636253+00:00" start="2020-03-10T22:02:39.6213037+00:00" finish="2020-03-10T22:02:42.3785114+00:00" />
  <TestSettings name="default" id="dea8ef76-554a-4dae-8b84-80408cd7287d">
    <Deployment runDeploymentRoot="_5df797d08eef_2020-03-10_22_02_42" />
  </TestSettings>
  <Results>
    <UnitTestResult executionId="e99d5804-cc7a-4d63-8f9f-59226420b469" testId="eb223c9f-24bf-8303-38b3-d6113beb6012" testName="OCP.Msal.Proxy.Tests.AuthControllerTests.ClaimIsInjectedIntoHeaderAsExpected" computerName="5df797d08eef" duration="00:00:00.0114375" startTime="2020-03-10T22:02:42.2264990+00:00" endTime="2020-03-10T22:02:42.2266379+00:00" testType="13cdc9d9-ddb5-4fa4-a97d-d965ccfc6d4b" outcome="Passed" testListId="8c84fa94-04c1-424b-9868-57a2d4851a1d" relativeResultsDirectory="e99d5804-cc7a-4d63-8f9f-59226420b469" />
  </Results>
  <TestDefinitions>
    <UnitTest name="OCP.Msal.Proxy.Tests.AuthControllerTests.ClaimIsInjectedIntoHeaderAsExpected" storage="/app/ocp.msal.proxy.tests/bin/debug/netcoreapp3.1/ocp.msal.proxy.tests.dll" id="eb223c9f-24bf-8303-38b3-d6113beb6012">
      <Execution id="e99d5804-cc7a-4d63-8f9f-59226420b469" />
      <TestMethod codeBase="/app/OCP.Msal.Proxy.Tests/bin/Debug/netcoreapp3.1/OCP.Msal.Proxy.Tests.dll" adapterTypeName="executor://xunit/VsTestRunner2/netcoreapp" className="OCP.Msal.Proxy.Tests.AuthControllerTests" name="OCP.Msal.Proxy.Tests.AuthControllerTests.ClaimIsInjectedIntoHeaderAsExpected" />
    </UnitTest>
  </TestDefinitions>
  <TestEntries>
    <TestEntry testId="eb223c9f-24bf-8303-38b3-d6113beb6012" executionId="e99d5804-cc7a-4d63-8f9f-59226420b469" testListId="8c84fa94-04c1-424b-9868-57a2d4851a1d" />
  </TestEntries>
  <TestLists>
    <TestList name="Results Not in a List" id="8c84fa94-04c1-424b-9868-57a2d4851a1d" />
    <TestList name="All Loaded Results" id="19431567-8539-422a-85d7-44ee4e166bda" />
  </TestLists>
  <ResultSummary outcome="Completed">
    <Counters total="1" executed="1" passed="1" failed="0" error="0" timeout="0" aborted="0" inconclusive="0" passedButRunAborted="0" notRunnable="0" notExecuted="0" disconnected="0" warning="0" completed="0" inProgress="0" pending="0" />
    <Output>
      <StdOut>[xUnit.net 00:00:00.00] xUnit.net VSTest Adapter v2.4.1 (64-bit .NET Core 3.1.2)
[xUnit.net 00:00:01.08]   Discovering: OCP.Msal.Proxy.Tests
[xUnit.net 00:00:01.14]   Discovered:  OCP.Msal.Proxy.Tests
[xUnit.net 00:00:01.14]   Starting:    OCP.Msal.Proxy.Tests
[xUnit.net 00:00:01.26]   Finished:    OCP.Msal.Proxy.Tests
</StdOut>
    </Output>
  </ResultSummary>
</TestRun>