<?xml version="1.0" encoding="utf-8"?>
<TestRun id="ec63e80d-5c11-4dfe-b0a0-bcbab2dc74ba" name="@890178f9125f 2020-01-31 20:40:31" xmlns="http://microsoft.com/schemas/VisualStudio/TeamTest/2010">
  <Times creation="2020-01-31T20:40:31.9566163+00:00" queuing="2020-01-31T20:40:31.9566166+00:00" start="2020-01-31T20:40:29.2428188+00:00" finish="2020-01-31T20:40:31.9716691+00:00" />
  <TestSettings name="default" id="f4584f64-ddc8-42ab-9cdc-4aeee6fa4df4">
    <Deployment runDeploymentRoot="_890178f9125f_2020-01-31_20_40_31" />
  </TestSettings>
  <Results>
    <UnitTestResult executionId="b10493f1-a3fd-44af-80d2-c0662696ef43" testId="eb223c9f-24bf-8303-38b3-d6113beb6012" testName="OCP.Msal.Proxy.Tests.AuthControllerTests.ClaimIsInjectedIntoHeaderAsExpected" computerName="890178f9125f" duration="00:00:00.0103592" startTime="2020-01-31T20:40:31.8123250+00:00" endTime="2020-01-31T20:40:31.8125116+00:00" testType="13cdc9d9-ddb5-4fa4-a97d-d965ccfc6d4b" outcome="Passed" testListId="8c84fa94-04c1-424b-9868-57a2d4851a1d" relativeResultsDirectory="b10493f1-a3fd-44af-80d2-c0662696ef43" />
  </Results>
  <TestDefinitions>
    <UnitTest name="OCP.Msal.Proxy.Tests.AuthControllerTests.ClaimIsInjectedIntoHeaderAsExpected" storage="/app/ocp.msal.proxy.tests/bin/debug/netcoreapp3.1/ocp.msal.proxy.tests.dll" id="eb223c9f-24bf-8303-38b3-d6113beb6012">
      <Execution id="b10493f1-a3fd-44af-80d2-c0662696ef43" />
      <TestMethod codeBase="/app/OCP.Msal.Proxy.Tests/bin/Debug/netcoreapp3.1/OCP.Msal.Proxy.Tests.dll" adapterTypeName="executor://xunit/VsTestRunner2/netcoreapp" className="OCP.Msal.Proxy.Tests.AuthControllerTests" name="OCP.Msal.Proxy.Tests.AuthControllerTests.ClaimIsInjectedIntoHeaderAsExpected" />
    </UnitTest>
  </TestDefinitions>
  <TestEntries>
    <TestEntry testId="eb223c9f-24bf-8303-38b3-d6113beb6012" executionId="b10493f1-a3fd-44af-80d2-c0662696ef43" testListId="8c84fa94-04c1-424b-9868-57a2d4851a1d" />
  </TestEntries>
  <TestLists>
    <TestList name="Results Not in a List" id="8c84fa94-04c1-424b-9868-57a2d4851a1d" />
    <TestList name="All Loaded Results" id="19431567-8539-422a-85d7-44ee4e166bda" />
  </TestLists>
  <ResultSummary outcome="Completed">
    <Counters total="1" executed="1" passed="1" failed="0" error="0" timeout="0" aborted="0" inconclusive="0" passedButRunAborted="0" notRunnable="0" notExecuted="0" disconnected="0" warning="0" completed="0" inProgress="0" pending="0" />
    <Output>
      <StdOut>[xUnit.net 00:00:00.00] xUnit.net VSTest Adapter v2.4.1 (64-bit .NET Core 3.1.1)
[xUnit.net 00:00:01.04]   Discovering: OCP.Msal.Proxy.Tests
[xUnit.net 00:00:01.10]   Discovered:  OCP.Msal.Proxy.Tests
[xUnit.net 00:00:01.11]   Starting:    OCP.Msal.Proxy.Tests
[xUnit.net 00:00:01.22]   Finished:    OCP.Msal.Proxy.Tests
</StdOut>
    </Output>
  </ResultSummary>
</TestRun>