<?xml version="1.0" encoding="utf-8"?>
<TestRun id="1c228015-ae53-44ca-bb5b-99c2f10d388d" name="@5574d6cc56e3 2020-01-31 23:09:58" xmlns="http://microsoft.com/schemas/VisualStudio/TeamTest/2010">
  <Times creation="2020-01-31T23:09:58.1232974+00:00" queuing="2020-01-31T23:09:58.1232975+00:00" start="2020-01-31T23:09:55.3911652+00:00" finish="2020-01-31T23:09:58.1381976+00:00" />
  <TestSettings name="default" id="c79c8afb-f45c-4c4e-b452-4a80b9aa4f88">
    <Deployment runDeploymentRoot="_5574d6cc56e3_2020-01-31_23_09_58" />
  </TestSettings>
  <Results>
    <UnitTestResult executionId="3be7dfce-40de-4e63-b52e-bc371e342df7" testId="eb223c9f-24bf-8303-38b3-d6113beb6012" testName="OCP.Msal.Proxy.Tests.AuthControllerTests.ClaimIsInjectedIntoHeaderAsExpected" computerName="5574d6cc56e3" duration="00:00:00.0106402" startTime="2020-01-31T23:09:57.9742356+00:00" endTime="2020-01-31T23:09:57.9743309+00:00" testType="13cdc9d9-ddb5-4fa4-a97d-d965ccfc6d4b" outcome="Passed" testListId="8c84fa94-04c1-424b-9868-57a2d4851a1d" relativeResultsDirectory="3be7dfce-40de-4e63-b52e-bc371e342df7" />
  </Results>
  <TestDefinitions>
    <UnitTest name="OCP.Msal.Proxy.Tests.AuthControllerTests.ClaimIsInjectedIntoHeaderAsExpected" storage="/app/ocp.msal.proxy.tests/bin/debug/netcoreapp3.1/ocp.msal.proxy.tests.dll" id="eb223c9f-24bf-8303-38b3-d6113beb6012">
      <Execution id="3be7dfce-40de-4e63-b52e-bc371e342df7" />
      <TestMethod codeBase="/app/OCP.Msal.Proxy.Tests/bin/Debug/netcoreapp3.1/OCP.Msal.Proxy.Tests.dll" adapterTypeName="executor://xunit/VsTestRunner2/netcoreapp" className="OCP.Msal.Proxy.Tests.AuthControllerTests" name="OCP.Msal.Proxy.Tests.AuthControllerTests.ClaimIsInjectedIntoHeaderAsExpected" />
    </UnitTest>
  </TestDefinitions>
  <TestEntries>
    <TestEntry testId="eb223c9f-24bf-8303-38b3-d6113beb6012" executionId="3be7dfce-40de-4e63-b52e-bc371e342df7" testListId="8c84fa94-04c1-424b-9868-57a2d4851a1d" />
  </TestEntries>
  <TestLists>
    <TestList name="Results Not in a List" id="8c84fa94-04c1-424b-9868-57a2d4851a1d" />
    <TestList name="All Loaded Results" id="19431567-8539-422a-85d7-44ee4e166bda" />
  </TestLists>
  <ResultSummary outcome="Completed">
    <Counters total="1" executed="1" passed="1" failed="0" error="0" timeout="0" aborted="0" inconclusive="0" passedButRunAborted="0" notRunnable="0" notExecuted="0" disconnected="0" warning="0" completed="0" inProgress="0" pending="0" />
    <Output>
      <StdOut>[xUnit.net 00:00:00.00] xUnit.net VSTest Adapter v2.4.1 (64-bit .NET Core 3.1.1)
[xUnit.net 00:00:01.08]   Discovering: OCP.Msal.Proxy.Tests
[xUnit.net 00:00:01.13]   Discovered:  OCP.Msal.Proxy.Tests
[xUnit.net 00:00:01.14]   Starting:    OCP.Msal.Proxy.Tests
[xUnit.net 00:00:01.25]   Finished:    OCP.Msal.Proxy.Tests
</StdOut>
    </Output>
  </ResultSummary>
</TestRun>