<?xml version="1.0" encoding="utf-8"?>
<TestRun id="85539b5a-fc4a-4a05-a366-5bb66ac296c6" name="@6c8dcc086770 2020-01-31 19:47:24" xmlns="http://microsoft.com/schemas/VisualStudio/TeamTest/2010">
  <Times creation="2020-01-31T19:47:24.8371150+00:00" queuing="2020-01-31T19:47:24.8371152+00:00" start="2020-01-31T19:47:22.1794106+00:00" finish="2020-01-31T19:47:24.8533643+00:00" />
  <TestSettings name="default" id="199cb0a5-ec2d-49d1-92dd-6ddc57436771">
    <Deployment runDeploymentRoot="_6c8dcc086770_2020-01-31_19_47_24" />
  </TestSettings>
  <Results>
    <UnitTestResult executionId="836caab6-4a02-4ba0-9a70-eee519d467ab" testId="eb223c9f-24bf-8303-38b3-d6113beb6012" testName="OCP.Msal.Proxy.Tests.AuthControllerTests.ClaimIsInjectedIntoHeaderAsExpected" computerName="6c8dcc086770" duration="00:00:00.0101329" startTime="2020-01-31T19:47:24.6988560+00:00" endTime="2020-01-31T19:47:24.6989480+00:00" testType="13cdc9d9-ddb5-4fa4-a97d-d965ccfc6d4b" outcome="Passed" testListId="8c84fa94-04c1-424b-9868-57a2d4851a1d" relativeResultsDirectory="836caab6-4a02-4ba0-9a70-eee519d467ab" />
  </Results>
  <TestDefinitions>
    <UnitTest name="OCP.Msal.Proxy.Tests.AuthControllerTests.ClaimIsInjectedIntoHeaderAsExpected" storage="/app/ocp.msal.proxy.tests/bin/debug/netcoreapp3.1/ocp.msal.proxy.tests.dll" id="eb223c9f-24bf-8303-38b3-d6113beb6012">
      <Execution id="836caab6-4a02-4ba0-9a70-eee519d467ab" />
      <TestMethod codeBase="/app/OCP.Msal.Proxy.Tests/bin/Debug/netcoreapp3.1/OCP.Msal.Proxy.Tests.dll" adapterTypeName="executor://xunit/VsTestRunner2/netcoreapp" className="OCP.Msal.Proxy.Tests.AuthControllerTests" name="OCP.Msal.Proxy.Tests.AuthControllerTests.ClaimIsInjectedIntoHeaderAsExpected" />
    </UnitTest>
  </TestDefinitions>
  <TestEntries>
    <TestEntry testId="eb223c9f-24bf-8303-38b3-d6113beb6012" executionId="836caab6-4a02-4ba0-9a70-eee519d467ab" testListId="8c84fa94-04c1-424b-9868-57a2d4851a1d" />
  </TestEntries>
  <TestLists>
    <TestList name="Results Not in a List" id="8c84fa94-04c1-424b-9868-57a2d4851a1d" />
    <TestList name="All Loaded Results" id="19431567-8539-422a-85d7-44ee4e166bda" />
  </TestLists>
  <ResultSummary outcome="Completed">
    <Counters total="1" executed="1" passed="1" failed="0" error="0" timeout="0" aborted="0" inconclusive="0" passedButRunAborted="0" notRunnable="0" notExecuted="0" disconnected="0" warning="0" completed="0" inProgress="0" pending="0" />
    <Output>
      <StdOut>[xUnit.net 00:00:00.00] xUnit.net VSTest Adapter v2.4.1 (64-bit .NET Core 3.1.1)
[xUnit.net 00:00:01.01]   Discovering: OCP.Msal.Proxy.Tests
[xUnit.net 00:00:01.07]   Discovered:  OCP.Msal.Proxy.Tests
[xUnit.net 00:00:01.07]   Starting:    OCP.Msal.Proxy.Tests
[xUnit.net 00:00:01.17]   Finished:    OCP.Msal.Proxy.Tests
</StdOut>
    </Output>
  </ResultSummary>
</TestRun>