<?xml version="1.0" encoding="utf-8"?>
<TestRun id="65b0a05d-bb76-49e4-b099-9aba6a21dccd" name="@d4b097dd5c3b 2020-01-31 19:46:43" xmlns="http://microsoft.com/schemas/VisualStudio/TeamTest/2010">
  <Times creation="2020-01-31T19:46:43.2690293+00:00" queuing="2020-01-31T19:46:43.2690294+00:00" start="2020-01-31T19:46:40.5784547+00:00" finish="2020-01-31T19:46:43.2837842+00:00" />
  <TestSettings name="default" id="2b74c9c9-32ee-4419-bcaf-f1ae86f02f6a">
    <Deployment runDeploymentRoot="_d4b097dd5c3b_2020-01-31_19_46_43" />
  </TestSettings>
  <Results>
    <UnitTestResult executionId="13e9051e-3b18-4fee-8b27-f998541c1a6c" testId="eb223c9f-24bf-8303-38b3-d6113beb6012" testName="OCP.Msal.Proxy.Tests.AuthControllerTests.ClaimIsInjectedIntoHeaderAsExpected" computerName="d4b097dd5c3b" duration="00:00:00.0113750" startTime="2020-01-31T19:46:43.1250169+00:00" endTime="2020-01-31T19:46:43.1251200+00:00" testType="13cdc9d9-ddb5-4fa4-a97d-d965ccfc6d4b" outcome="Passed" testListId="8c84fa94-04c1-424b-9868-57a2d4851a1d" relativeResultsDirectory="13e9051e-3b18-4fee-8b27-f998541c1a6c" />
  </Results>
  <TestDefinitions>
    <UnitTest name="OCP.Msal.Proxy.Tests.AuthControllerTests.ClaimIsInjectedIntoHeaderAsExpected" storage="/app/ocp.msal.proxy.tests/bin/debug/netcoreapp3.1/ocp.msal.proxy.tests.dll" id="eb223c9f-24bf-8303-38b3-d6113beb6012">
      <Execution id="13e9051e-3b18-4fee-8b27-f998541c1a6c" />
      <TestMethod codeBase="/app/OCP.Msal.Proxy.Tests/bin/Debug/netcoreapp3.1/OCP.Msal.Proxy.Tests.dll" adapterTypeName="executor://xunit/VsTestRunner2/netcoreapp" className="OCP.Msal.Proxy.Tests.AuthControllerTests" name="OCP.Msal.Proxy.Tests.AuthControllerTests.ClaimIsInjectedIntoHeaderAsExpected" />
    </UnitTest>
  </TestDefinitions>
  <TestEntries>
    <TestEntry testId="eb223c9f-24bf-8303-38b3-d6113beb6012" executionId="13e9051e-3b18-4fee-8b27-f998541c1a6c" testListId="8c84fa94-04c1-424b-9868-57a2d4851a1d" />
  </TestEntries>
  <TestLists>
    <TestList name="Results Not in a List" id="8c84fa94-04c1-424b-9868-57a2d4851a1d" />
    <TestList name="All Loaded Results" id="19431567-8539-422a-85d7-44ee4e166bda" />
  </TestLists>
  <ResultSummary outcome="Completed">
    <Counters total="1" executed="1" passed="1" failed="0" error="0" timeout="0" aborted="0" inconclusive="0" passedButRunAborted="0" notRunnable="0" notExecuted="0" disconnected="0" warning="0" completed="0" inProgress="0" pending="0" />
    <Output>
      <StdOut>[xUnit.net 00:00:00.00] xUnit.net VSTest Adapter v2.4.1 (64-bit .NET Core 3.1.1)
[xUnit.net 00:00:01.02]   Discovering: OCP.Msal.Proxy.Tests
[xUnit.net 00:00:01.08]   Discovered:  OCP.Msal.Proxy.Tests
[xUnit.net 00:00:01.08]   Starting:    OCP.Msal.Proxy.Tests
[xUnit.net 00:00:01.20]   Finished:    OCP.Msal.Proxy.Tests
</StdOut>
    </Output>
  </ResultSummary>
</TestRun>