<?xml version="1.0" encoding="utf-8"?>
<TestRun id="114dce99-4eb3-4b8f-b470-9178440444c3" name="@2599998ee615 2020-04-01 17:22:26" xmlns="http://microsoft.com/schemas/VisualStudio/TeamTest/2010">
  <Times creation="2020-04-01T17:22:26.9619606+00:00" queuing="2020-04-01T17:22:26.9619606+00:00" start="2020-04-01T17:22:24.1380530+00:00" finish="2020-04-01T17:22:26.9806104+00:00" />
  <TestSettings name="default" id="7c6736d8-335b-42b6-8856-25b3044b2f4f">
    <Deployment runDeploymentRoot="_2599998ee615_2020-04-01_17_22_26" />
  </TestSettings>
  <Results>
    <UnitTestResult executionId="771d2b6e-d70a-48c9-b03f-e41afb40b7a3" testId="eb223c9f-24bf-8303-38b3-d6113beb6012" testName="OCP.Msal.Proxy.Tests.AuthControllerTests.ClaimIsInjectedIntoHeaderAsExpected" computerName="2599998ee615" duration="00:00:00.0119015" startTime="2020-04-01T17:22:26.8484420+00:00" endTime="2020-04-01T17:22:26.8485465+00:00" testType="13cdc9d9-ddb5-4fa4-a97d-d965ccfc6d4b" outcome="Passed" testListId="8c84fa94-04c1-424b-9868-57a2d4851a1d" relativeResultsDirectory="771d2b6e-d70a-48c9-b03f-e41afb40b7a3" />
  </Results>
  <TestDefinitions>
    <UnitTest name="OCP.Msal.Proxy.Tests.AuthControllerTests.ClaimIsInjectedIntoHeaderAsExpected" storage="/app/ocp.msal.proxy.tests/bin/debug/netcoreapp3.1/ocp.msal.proxy.tests.dll" id="eb223c9f-24bf-8303-38b3-d6113beb6012">
      <Execution id="771d2b6e-d70a-48c9-b03f-e41afb40b7a3" />
      <TestMethod codeBase="/app/OCP.Msal.Proxy.Tests/bin/Debug/netcoreapp3.1/OCP.Msal.Proxy.Tests.dll" adapterTypeName="executor://xunit/VsTestRunner2/netcoreapp" className="OCP.Msal.Proxy.Tests.AuthControllerTests" name="ClaimIsInjectedIntoHeaderAsExpected" />
    </UnitTest>
  </TestDefinitions>
  <TestEntries>
    <TestEntry testId="eb223c9f-24bf-8303-38b3-d6113beb6012" executionId="771d2b6e-d70a-48c9-b03f-e41afb40b7a3" testListId="8c84fa94-04c1-424b-9868-57a2d4851a1d" />
  </TestEntries>
  <TestLists>
    <TestList name="Results Not in a List" id="8c84fa94-04c1-424b-9868-57a2d4851a1d" />
    <TestList name="All Loaded Results" id="19431567-8539-422a-85d7-44ee4e166bda" />
  </TestLists>
  <ResultSummary outcome="Completed">
    <Counters total="1" executed="1" passed="1" failed="0" error="0" timeout="0" aborted="0" inconclusive="0" passedButRunAborted="0" notRunnable="0" notExecuted="0" disconnected="0" warning="0" completed="0" inProgress="0" pending="0" />
    <Output>
      <StdOut>[xUnit.net 00:00:00.00] xUnit.net VSTest Adapter v2.4.1 (64-bit .NET Core 3.1.3)
[xUnit.net 00:00:01.21]   Discovering: OCP.Msal.Proxy.Tests
[xUnit.net 00:00:01.27]   Discovered:  OCP.Msal.Proxy.Tests
[xUnit.net 00:00:01.27]   Starting:    OCP.Msal.Proxy.Tests
[xUnit.net 00:00:01.41]   Finished:    OCP.Msal.Proxy.Tests
</StdOut>
    </Output>
  </ResultSummary>
</TestRun>