<?xml version="1.0" encoding="utf-8"?>
<TestRun id="bcbcd22c-2787-4984-8b11-e8a147543e9b" name="@7ca2bee8bb11 2020-03-10 23:12:47" xmlns="http://microsoft.com/schemas/VisualStudio/TeamTest/2010">
  <Times creation="2020-03-10T23:12:47.8982579+00:00" queuing="2020-03-10T23:12:47.8982580+00:00" start="2020-03-10T23:12:45.0625869+00:00" finish="2020-03-10T23:12:47.9148611+00:00" />
  <TestSettings name="default" id="7467e8e9-0839-42a9-8602-6d3d1c6b7b7a">
    <Deployment runDeploymentRoot="_7ca2bee8bb11_2020-03-10_23_12_47" />
  </TestSettings>
  <Results>
    <UnitTestResult executionId="89742e31-797d-46c6-865e-4829b41ec185" testId="eb223c9f-24bf-8303-38b3-d6113beb6012" testName="OCP.Msal.Proxy.Tests.AuthControllerTests.ClaimIsInjectedIntoHeaderAsExpected" computerName="7ca2bee8bb11" duration="00:00:00.0123129" startTime="2020-03-10T23:12:47.7389829+00:00" endTime="2020-03-10T23:12:47.7391097+00:00" testType="13cdc9d9-ddb5-4fa4-a97d-d965ccfc6d4b" outcome="Passed" testListId="8c84fa94-04c1-424b-9868-57a2d4851a1d" relativeResultsDirectory="89742e31-797d-46c6-865e-4829b41ec185" />
  </Results>
  <TestDefinitions>
    <UnitTest name="OCP.Msal.Proxy.Tests.AuthControllerTests.ClaimIsInjectedIntoHeaderAsExpected" storage="/app/ocp.msal.proxy.tests/bin/debug/netcoreapp3.1/ocp.msal.proxy.tests.dll" id="eb223c9f-24bf-8303-38b3-d6113beb6012">
      <Execution id="89742e31-797d-46c6-865e-4829b41ec185" />
      <TestMethod codeBase="/app/OCP.Msal.Proxy.Tests/bin/Debug/netcoreapp3.1/OCP.Msal.Proxy.Tests.dll" adapterTypeName="executor://xunit/VsTestRunner2/netcoreapp" className="OCP.Msal.Proxy.Tests.AuthControllerTests" name="OCP.Msal.Proxy.Tests.AuthControllerTests.ClaimIsInjectedIntoHeaderAsExpected" />
    </UnitTest>
  </TestDefinitions>
  <TestEntries>
    <TestEntry testId="eb223c9f-24bf-8303-38b3-d6113beb6012" executionId="89742e31-797d-46c6-865e-4829b41ec185" testListId="8c84fa94-04c1-424b-9868-57a2d4851a1d" />
  </TestEntries>
  <TestLists>
    <TestList name="Results Not in a List" id="8c84fa94-04c1-424b-9868-57a2d4851a1d" />
    <TestList name="All Loaded Results" id="19431567-8539-422a-85d7-44ee4e166bda" />
  </TestLists>
  <ResultSummary outcome="Completed">
    <Counters total="1" executed="1" passed="1" failed="0" error="0" timeout="0" aborted="0" inconclusive="0" passedButRunAborted="0" notRunnable="0" notExecuted="0" disconnected="0" warning="0" completed="0" inProgress="0" pending="0" />
    <Output>
      <StdOut>[xUnit.net 00:00:00.00] xUnit.net VSTest Adapter v2.4.1 (64-bit .NET Core 3.1.2)
[xUnit.net 00:00:01.12]   Discovering: OCP.Msal.Proxy.Tests
[xUnit.net 00:00:01.18]   Discovered:  OCP.Msal.Proxy.Tests
[xUnit.net 00:00:01.18]   Starting:    OCP.Msal.Proxy.Tests
[xUnit.net 00:00:01.30]   Finished:    OCP.Msal.Proxy.Tests
</StdOut>
    </Output>
  </ResultSummary>
</TestRun>