<?xml version="1.0" encoding="utf-8"?>
<TestRun id="7a52c203-b773-4c80-ad1b-e555c0a5055a" name="@798d4eaf671b 2020-07-28 21:46:59" xmlns="http://microsoft.com/schemas/VisualStudio/TeamTest/2010">
  <Times creation="2020-07-28T21:46:59.0290768+00:00" queuing="2020-07-28T21:46:59.0290771+00:00" start="2020-07-28T21:46:56.3328672+00:00" finish="2020-07-28T21:46:59.0450616+00:00" />
  <TestSettings name="default" id="f6a4dccf-3adc-46ad-ace6-e2c21d24af5a">
    <Deployment runDeploymentRoot="_798d4eaf671b_2020-07-28_21_46_59" />
  </TestSettings>
  <Results>
    <UnitTestResult executionId="d866813d-f036-4b33-a1d7-6802dcbcde8e" testId="eb223c9f-24bf-8303-38b3-d6113beb6012" testName="OCP.Msal.Proxy.Tests.AuthControllerTests.ClaimIsInjectedIntoHeaderAsExpected" computerName="798d4eaf671b" duration="00:00:00.0104320" startTime="2020-07-28T21:46:58.8801005+00:00" endTime="2020-07-28T21:46:58.8802217+00:00" testType="13cdc9d9-ddb5-4fa4-a97d-d965ccfc6d4b" outcome="Passed" testListId="8c84fa94-04c1-424b-9868-57a2d4851a1d" relativeResultsDirectory="d866813d-f036-4b33-a1d7-6802dcbcde8e" />
  </Results>
  <TestDefinitions>
    <UnitTest name="OCP.Msal.Proxy.Tests.AuthControllerTests.ClaimIsInjectedIntoHeaderAsExpected" storage="/app/ocp.msal.proxy.tests/bin/debug/netcoreapp3.1/ocp.msal.proxy.tests.dll" id="eb223c9f-24bf-8303-38b3-d6113beb6012">
      <Execution id="d866813d-f036-4b33-a1d7-6802dcbcde8e" />
      <TestMethod codeBase="/app/OCP.Msal.Proxy.Tests/bin/Debug/netcoreapp3.1/OCP.Msal.Proxy.Tests.dll" adapterTypeName="executor://xunit/VsTestRunner2/netcoreapp" className="OCP.Msal.Proxy.Tests.AuthControllerTests" name="ClaimIsInjectedIntoHeaderAsExpected" />
    </UnitTest>
  </TestDefinitions>
  <TestEntries>
    <TestEntry testId="eb223c9f-24bf-8303-38b3-d6113beb6012" executionId="d866813d-f036-4b33-a1d7-6802dcbcde8e" testListId="8c84fa94-04c1-424b-9868-57a2d4851a1d" />
  </TestEntries>
  <TestLists>
    <TestList name="Results Not in a List" id="8c84fa94-04c1-424b-9868-57a2d4851a1d" />
    <TestList name="All Loaded Results" id="19431567-8539-422a-85d7-44ee4e166bda" />
  </TestLists>
  <ResultSummary outcome="Completed">
    <Counters total="1" executed="1" passed="1" failed="0" error="0" timeout="0" aborted="0" inconclusive="0" passedButRunAborted="0" notRunnable="0" notExecuted="0" disconnected="0" warning="0" completed="0" inProgress="0" pending="0" />
    <Output>
      <StdOut>[xUnit.net 00:00:00.00] xUnit.net VSTest Adapter v2.4.1 (64-bit .NET Core 3.1.6)
[xUnit.net 00:00:01.02]   Discovering: OCP.Msal.Proxy.Tests
[xUnit.net 00:00:01.08]   Discovered:  OCP.Msal.Proxy.Tests
[xUnit.net 00:00:01.08]   Starting:    OCP.Msal.Proxy.Tests
[xUnit.net 00:00:01.19]   Finished:    OCP.Msal.Proxy.Tests
</StdOut>
    </Output>
  </ResultSummary>
</TestRun>