<?xml version="1.0" encoding="utf-8"?>
<TestRun id="c0cb542e-0fcf-47aa-8805-3e0dabac5a67" name="@a8fb669b8a4f 2020-01-31 04:31:03" xmlns="http://microsoft.com/schemas/VisualStudio/TeamTest/2010">
  <Times creation="2020-01-31T04:31:03.0627463+00:00" queuing="2020-01-31T04:31:03.0627465+00:00" start="2020-01-31T04:31:00.3447257+00:00" finish="2020-01-31T04:31:03.0783103+00:00" />
  <TestSettings name="default" id="29ad4513-d14b-46cd-96fe-2602ae28265e">
    <Deployment runDeploymentRoot="_a8fb669b8a4f_2020-01-31_04_31_03" />
  </TestSettings>
  <Results>
    <UnitTestResult executionId="5aad23f6-aa37-47bb-a806-6448674d5752" testId="eb223c9f-24bf-8303-38b3-d6113beb6012" testName="OCP.Msal.Proxy.Tests.AuthControllerTests.ClaimIsInjectedIntoHeaderAsExpected" computerName="a8fb669b8a4f" duration="00:00:00.0105831" startTime="2020-01-31T04:31:02.9170750+00:00" endTime="2020-01-31T04:31:02.9171806+00:00" testType="13cdc9d9-ddb5-4fa4-a97d-d965ccfc6d4b" outcome="Passed" testListId="8c84fa94-04c1-424b-9868-57a2d4851a1d" relativeResultsDirectory="5aad23f6-aa37-47bb-a806-6448674d5752" />
  </Results>
  <TestDefinitions>
    <UnitTest name="OCP.Msal.Proxy.Tests.AuthControllerTests.ClaimIsInjectedIntoHeaderAsExpected" storage="/app/ocp.msal.proxy.tests/bin/debug/netcoreapp3.1/ocp.msal.proxy.tests.dll" id="eb223c9f-24bf-8303-38b3-d6113beb6012">
      <Execution id="5aad23f6-aa37-47bb-a806-6448674d5752" />
      <TestMethod codeBase="/app/OCP.Msal.Proxy.Tests/bin/Debug/netcoreapp3.1/OCP.Msal.Proxy.Tests.dll" adapterTypeName="executor://xunit/VsTestRunner2/netcoreapp" className="OCP.Msal.Proxy.Tests.AuthControllerTests" name="OCP.Msal.Proxy.Tests.AuthControllerTests.ClaimIsInjectedIntoHeaderAsExpected" />
    </UnitTest>
  </TestDefinitions>
  <TestEntries>
    <TestEntry testId="eb223c9f-24bf-8303-38b3-d6113beb6012" executionId="5aad23f6-aa37-47bb-a806-6448674d5752" testListId="8c84fa94-04c1-424b-9868-57a2d4851a1d" />
  </TestEntries>
  <TestLists>
    <TestList name="Results Not in a List" id="8c84fa94-04c1-424b-9868-57a2d4851a1d" />
    <TestList name="All Loaded Results" id="19431567-8539-422a-85d7-44ee4e166bda" />
  </TestLists>
  <ResultSummary outcome="Completed">
    <Counters total="1" executed="1" passed="1" failed="0" error="0" timeout="0" aborted="0" inconclusive="0" passedButRunAborted="0" notRunnable="0" notExecuted="0" disconnected="0" warning="0" completed="0" inProgress="0" pending="0" />
    <Output>
      <StdOut>[xUnit.net 00:00:00.00] xUnit.net VSTest Adapter v2.4.1 (64-bit .NET Core 3.1.1)
[xUnit.net 00:00:01.06]   Discovering: OCP.Msal.Proxy.Tests
[xUnit.net 00:00:01.12]   Discovered:  OCP.Msal.Proxy.Tests
[xUnit.net 00:00:01.13]   Starting:    OCP.Msal.Proxy.Tests
[xUnit.net 00:00:01.23]   Finished:    OCP.Msal.Proxy.Tests
</StdOut>
    </Output>
  </ResultSummary>
</TestRun>