<?xml version="1.0" encoding="utf-8"?>
<TestRun id="47e766e9-21d7-42b4-815a-2d05a259bdfb" name="@7037ae88a80e 2020-07-27 19:37:30" xmlns="http://microsoft.com/schemas/VisualStudio/TeamTest/2010">
  <Times creation="2020-07-27T19:37:30.0693078+00:00" queuing="2020-07-27T19:37:30.0693080+00:00" start="2020-07-27T19:37:27.3515865+00:00" finish="2020-07-27T19:37:30.0858638+00:00" />
  <TestSettings name="default" id="5ea7c0e6-e204-4c24-b64b-b327f36f1e6e">
    <Deployment runDeploymentRoot="_7037ae88a80e_2020-07-27_19_37_30" />
  </TestSettings>
  <Results>
    <UnitTestResult executionId="7d9c2e88-39f9-4000-9cd9-35e0530d1111" testId="eb223c9f-24bf-8303-38b3-d6113beb6012" testName="OCP.Msal.Proxy.Tests.AuthControllerTests.ClaimIsInjectedIntoHeaderAsExpected" computerName="7037ae88a80e" duration="00:00:00.0111504" startTime="2020-07-27T19:37:29.9193904+00:00" endTime="2020-07-27T19:37:29.9195113+00:00" testType="13cdc9d9-ddb5-4fa4-a97d-d965ccfc6d4b" outcome="Passed" testListId="8c84fa94-04c1-424b-9868-57a2d4851a1d" relativeResultsDirectory="7d9c2e88-39f9-4000-9cd9-35e0530d1111" />
  </Results>
  <TestDefinitions>
    <UnitTest name="OCP.Msal.Proxy.Tests.AuthControllerTests.ClaimIsInjectedIntoHeaderAsExpected" storage="/app/ocp.msal.proxy.tests/bin/debug/netcoreapp3.1/ocp.msal.proxy.tests.dll" id="eb223c9f-24bf-8303-38b3-d6113beb6012">
      <Execution id="7d9c2e88-39f9-4000-9cd9-35e0530d1111" />
      <TestMethod codeBase="/app/OCP.Msal.Proxy.Tests/bin/Debug/netcoreapp3.1/OCP.Msal.Proxy.Tests.dll" adapterTypeName="executor://xunit/VsTestRunner2/netcoreapp" className="OCP.Msal.Proxy.Tests.AuthControllerTests" name="ClaimIsInjectedIntoHeaderAsExpected" />
    </UnitTest>
  </TestDefinitions>
  <TestEntries>
    <TestEntry testId="eb223c9f-24bf-8303-38b3-d6113beb6012" executionId="7d9c2e88-39f9-4000-9cd9-35e0530d1111" testListId="8c84fa94-04c1-424b-9868-57a2d4851a1d" />
  </TestEntries>
  <TestLists>
    <TestList name="Results Not in a List" id="8c84fa94-04c1-424b-9868-57a2d4851a1d" />
    <TestList name="All Loaded Results" id="19431567-8539-422a-85d7-44ee4e166bda" />
  </TestLists>
  <ResultSummary outcome="Completed">
    <Counters total="1" executed="1" passed="1" failed="0" error="0" timeout="0" aborted="0" inconclusive="0" passedButRunAborted="0" notRunnable="0" notExecuted="0" disconnected="0" warning="0" completed="0" inProgress="0" pending="0" />
    <Output>
      <StdOut>[xUnit.net 00:00:00.00] xUnit.net VSTest Adapter v2.4.1 (64-bit .NET Core 3.1.6)
[xUnit.net 00:00:01.05]   Discovering: OCP.Msal.Proxy.Tests
[xUnit.net 00:00:01.11]   Discovered:  OCP.Msal.Proxy.Tests
[xUnit.net 00:00:01.11]   Starting:    OCP.Msal.Proxy.Tests
[xUnit.net 00:00:01.22]   Finished:    OCP.Msal.Proxy.Tests
</StdOut>
    </Output>
  </ResultSummary>
</TestRun>