<?xml version="1.0" encoding="utf-8"?>
<TestRun id="5a24c935-92af-464e-b6a1-fbdc61fe372b" name="@0555641b1953 2020-01-31 23:09:43" xmlns="http://microsoft.com/schemas/VisualStudio/TeamTest/2010">
  <Times creation="2020-01-31T23:09:43.9754028+00:00" queuing="2020-01-31T23:09:43.9754028+00:00" start="2020-01-31T23:09:41.1788745+00:00" finish="2020-01-31T23:09:43.9910842+00:00" />
  <TestSettings name="default" id="065c9275-89c5-4cd2-bb6d-3e0d8141efd0">
    <Deployment runDeploymentRoot="_0555641b1953_2020-01-31_23_09_43" />
  </TestSettings>
  <Results>
    <UnitTestResult executionId="62b16cd7-8176-4298-8e08-a45f676aa49a" testId="eb223c9f-24bf-8303-38b3-d6113beb6012" testName="OCP.Msal.Proxy.Tests.AuthControllerTests.ClaimIsInjectedIntoHeaderAsExpected" computerName="0555641b1953" duration="00:00:00.0112729" startTime="2020-01-31T23:09:43.8261361+00:00" endTime="2020-01-31T23:09:43.8262740+00:00" testType="13cdc9d9-ddb5-4fa4-a97d-d965ccfc6d4b" outcome="Passed" testListId="8c84fa94-04c1-424b-9868-57a2d4851a1d" relativeResultsDirectory="62b16cd7-8176-4298-8e08-a45f676aa49a" />
  </Results>
  <TestDefinitions>
    <UnitTest name="OCP.Msal.Proxy.Tests.AuthControllerTests.ClaimIsInjectedIntoHeaderAsExpected" storage="/app/ocp.msal.proxy.tests/bin/debug/netcoreapp3.1/ocp.msal.proxy.tests.dll" id="eb223c9f-24bf-8303-38b3-d6113beb6012">
      <Execution id="62b16cd7-8176-4298-8e08-a45f676aa49a" />
      <TestMethod codeBase="/app/OCP.Msal.Proxy.Tests/bin/Debug/netcoreapp3.1/OCP.Msal.Proxy.Tests.dll" adapterTypeName="executor://xunit/VsTestRunner2/netcoreapp" className="OCP.Msal.Proxy.Tests.AuthControllerTests" name="OCP.Msal.Proxy.Tests.AuthControllerTests.ClaimIsInjectedIntoHeaderAsExpected" />
    </UnitTest>
  </TestDefinitions>
  <TestEntries>
    <TestEntry testId="eb223c9f-24bf-8303-38b3-d6113beb6012" executionId="62b16cd7-8176-4298-8e08-a45f676aa49a" testListId="8c84fa94-04c1-424b-9868-57a2d4851a1d" />
  </TestEntries>
  <TestLists>
    <TestList name="Results Not in a List" id="8c84fa94-04c1-424b-9868-57a2d4851a1d" />
    <TestList name="All Loaded Results" id="19431567-8539-422a-85d7-44ee4e166bda" />
  </TestLists>
  <ResultSummary outcome="Completed">
    <Counters total="1" executed="1" passed="1" failed="0" error="0" timeout="0" aborted="0" inconclusive="0" passedButRunAborted="0" notRunnable="0" notExecuted="0" disconnected="0" warning="0" completed="0" inProgress="0" pending="0" />
    <Output>
      <StdOut>[xUnit.net 00:00:00.00] xUnit.net VSTest Adapter v2.4.1 (64-bit .NET Core 3.1.1)
[xUnit.net 00:00:01.12]   Discovering: OCP.Msal.Proxy.Tests
[xUnit.net 00:00:01.18]   Discovered:  OCP.Msal.Proxy.Tests
[xUnit.net 00:00:01.18]   Starting:    OCP.Msal.Proxy.Tests
[xUnit.net 00:00:01.30]   Finished:    OCP.Msal.Proxy.Tests
</StdOut>
    </Output>
  </ResultSummary>
</TestRun>