<?xml version="1.0" encoding="utf-8"?>
<TestRun id="ff007d17-1ca7-4a8b-96c1-1ca7ade127cc" name="@0e3430859afb 2020-01-31 19:17:48" xmlns="http://microsoft.com/schemas/VisualStudio/TeamTest/2010">
  <Times creation="2020-01-31T19:17:48.1078975+00:00" queuing="2020-01-31T19:17:48.1078976+00:00" start="2020-01-31T19:17:45.3905770+00:00" finish="2020-01-31T19:17:48.1232971+00:00" />
  <TestSettings name="default" id="06e4cd13-fe7e-443b-9955-67d8f88375ba">
    <Deployment runDeploymentRoot="_0e3430859afb_2020-01-31_19_17_48" />
  </TestSettings>
  <Results>
    <UnitTestResult executionId="636394b2-be8d-4c0b-a26f-e121f131d622" testId="eb223c9f-24bf-8303-38b3-d6113beb6012" testName="OCP.Msal.Proxy.Tests.AuthControllerTests.ClaimIsInjectedIntoHeaderAsExpected" computerName="0e3430859afb" duration="00:00:00.0108659" startTime="2020-01-31T19:17:47.9671228+00:00" endTime="2020-01-31T19:17:47.9672845+00:00" testType="13cdc9d9-ddb5-4fa4-a97d-d965ccfc6d4b" outcome="Passed" testListId="8c84fa94-04c1-424b-9868-57a2d4851a1d" relativeResultsDirectory="636394b2-be8d-4c0b-a26f-e121f131d622" />
  </Results>
  <TestDefinitions>
    <UnitTest name="OCP.Msal.Proxy.Tests.AuthControllerTests.ClaimIsInjectedIntoHeaderAsExpected" storage="/app/ocp.msal.proxy.tests/bin/debug/netcoreapp3.1/ocp.msal.proxy.tests.dll" id="eb223c9f-24bf-8303-38b3-d6113beb6012">
      <Execution id="636394b2-be8d-4c0b-a26f-e121f131d622" />
      <TestMethod codeBase="/app/OCP.Msal.Proxy.Tests/bin/Debug/netcoreapp3.1/OCP.Msal.Proxy.Tests.dll" adapterTypeName="executor://xunit/VsTestRunner2/netcoreapp" className="OCP.Msal.Proxy.Tests.AuthControllerTests" name="OCP.Msal.Proxy.Tests.AuthControllerTests.ClaimIsInjectedIntoHeaderAsExpected" />
    </UnitTest>
  </TestDefinitions>
  <TestEntries>
    <TestEntry testId="eb223c9f-24bf-8303-38b3-d6113beb6012" executionId="636394b2-be8d-4c0b-a26f-e121f131d622" testListId="8c84fa94-04c1-424b-9868-57a2d4851a1d" />
  </TestEntries>
  <TestLists>
    <TestList name="Results Not in a List" id="8c84fa94-04c1-424b-9868-57a2d4851a1d" />
    <TestList name="All Loaded Results" id="19431567-8539-422a-85d7-44ee4e166bda" />
  </TestLists>
  <ResultSummary outcome="Completed">
    <Counters total="1" executed="1" passed="1" failed="0" error="0" timeout="0" aborted="0" inconclusive="0" passedButRunAborted="0" notRunnable="0" notExecuted="0" disconnected="0" warning="0" completed="0" inProgress="0" pending="0" />
    <Output>
      <StdOut>[xUnit.net 00:00:00.00] xUnit.net VSTest Adapter v2.4.1 (64-bit .NET Core 3.1.1)
[xUnit.net 00:00:01.05]   Discovering: OCP.Msal.Proxy.Tests
[xUnit.net 00:00:01.12]   Discovered:  OCP.Msal.Proxy.Tests
[xUnit.net 00:00:01.12]   Starting:    OCP.Msal.Proxy.Tests
[xUnit.net 00:00:01.23]   Finished:    OCP.Msal.Proxy.Tests
</StdOut>
    </Output>
  </ResultSummary>
</TestRun>