<?xml version="1.0" encoding="utf-8"?>
<TestRun id="ae2b54fc-3b9b-4136-b4d1-b88594e1c2f0" name="@822a539f4589 2020-01-31 22:57:31" xmlns="http://microsoft.com/schemas/VisualStudio/TeamTest/2010">
  <Times creation="2020-01-31T22:57:31.6033422+00:00" queuing="2020-01-31T22:57:31.6033424+00:00" start="2020-01-31T22:57:29.1701920+00:00" finish="2020-01-31T22:57:31.6173171+00:00" />
  <TestSettings name="default" id="05db85e8-4e9a-4f0a-ac40-8f57c6d5f569">
    <Deployment runDeploymentRoot="_822a539f4589_2020-01-31_22_57_31" />
  </TestSettings>
  <Results>
    <UnitTestResult executionId="0a00b836-2a62-4fd9-b9dd-6eba6ec7dc1f" testId="eb223c9f-24bf-8303-38b3-d6113beb6012" testName="OCP.Msal.Proxy.Tests.AuthControllerTests.ClaimIsInjectedIntoHeaderAsExpected" computerName="822a539f4589" duration="00:00:00.0083411" startTime="2020-01-31T22:57:31.4923234+00:00" endTime="2020-01-31T22:57:31.4924170+00:00" testType="13cdc9d9-ddb5-4fa4-a97d-d965ccfc6d4b" outcome="Passed" testListId="8c84fa94-04c1-424b-9868-57a2d4851a1d" relativeResultsDirectory="0a00b836-2a62-4fd9-b9dd-6eba6ec7dc1f" />
  </Results>
  <TestDefinitions>
    <UnitTest name="OCP.Msal.Proxy.Tests.AuthControllerTests.ClaimIsInjectedIntoHeaderAsExpected" storage="/app/ocp.msal.proxy.tests/bin/debug/netcoreapp3.1/ocp.msal.proxy.tests.dll" id="eb223c9f-24bf-8303-38b3-d6113beb6012">
      <Execution id="0a00b836-2a62-4fd9-b9dd-6eba6ec7dc1f" />
      <TestMethod codeBase="/app/OCP.Msal.Proxy.Tests/bin/Debug/netcoreapp3.1/OCP.Msal.Proxy.Tests.dll" adapterTypeName="executor://xunit/VsTestRunner2/netcoreapp" className="OCP.Msal.Proxy.Tests.AuthControllerTests" name="OCP.Msal.Proxy.Tests.AuthControllerTests.ClaimIsInjectedIntoHeaderAsExpected" />
    </UnitTest>
  </TestDefinitions>
  <TestEntries>
    <TestEntry testId="eb223c9f-24bf-8303-38b3-d6113beb6012" executionId="0a00b836-2a62-4fd9-b9dd-6eba6ec7dc1f" testListId="8c84fa94-04c1-424b-9868-57a2d4851a1d" />
  </TestEntries>
  <TestLists>
    <TestList name="Results Not in a List" id="8c84fa94-04c1-424b-9868-57a2d4851a1d" />
    <TestList name="All Loaded Results" id="19431567-8539-422a-85d7-44ee4e166bda" />
  </TestLists>
  <ResultSummary outcome="Completed">
    <Counters total="1" executed="1" passed="1" failed="0" error="0" timeout="0" aborted="0" inconclusive="0" passedButRunAborted="0" notRunnable="0" notExecuted="0" disconnected="0" warning="0" completed="0" inProgress="0" pending="0" />
    <Output>
      <StdOut>[xUnit.net 00:00:00.00] xUnit.net VSTest Adapter v2.4.1 (64-bit .NET Core 3.1.1)
[xUnit.net 00:00:00.89]   Discovering: OCP.Msal.Proxy.Tests
[xUnit.net 00:00:00.95]   Discovered:  OCP.Msal.Proxy.Tests
[xUnit.net 00:00:00.95]   Starting:    OCP.Msal.Proxy.Tests
[xUnit.net 00:00:01.03]   Finished:    OCP.Msal.Proxy.Tests
</StdOut>
    </Output>
  </ResultSummary>
</TestRun>