<?xml version="1.0" encoding="utf-8"?>
<TestRun id="07201320-4b5d-47fe-9621-f0447c84bcbe" name="@e7d1eaf91a19 2020-07-30 00:09:07" xmlns="http://microsoft.com/schemas/VisualStudio/TeamTest/2010">
  <Times creation="2020-07-30T00:09:07.2518695+00:00" queuing="2020-07-30T00:09:07.2518697+00:00" start="2020-07-30T00:09:04.7767640+00:00" finish="2020-07-30T00:09:07.2689579+00:00" />
  <TestSettings name="default" id="d322855c-1839-47f3-a3b7-b7a5075587d1">
    <Deployment runDeploymentRoot="_e7d1eaf91a19_2020-07-30_00_09_07" />
  </TestSettings>
  <Results>
    <UnitTestResult executionId="1023a77e-1701-4601-9c48-9600767a45fe" testId="eb223c9f-24bf-8303-38b3-d6113beb6012" testName="OCP.Msal.Proxy.Tests.AuthControllerTests.ClaimIsInjectedIntoHeaderAsExpected" computerName="e7d1eaf91a19" duration="00:00:00.0080842" startTime="2020-07-30T00:09:07.1307254+00:00" endTime="2020-07-30T00:09:07.1308021+00:00" testType="13cdc9d9-ddb5-4fa4-a97d-d965ccfc6d4b" outcome="Passed" testListId="8c84fa94-04c1-424b-9868-57a2d4851a1d" relativeResultsDirectory="1023a77e-1701-4601-9c48-9600767a45fe" />
  </Results>
  <TestDefinitions>
    <UnitTest name="OCP.Msal.Proxy.Tests.AuthControllerTests.ClaimIsInjectedIntoHeaderAsExpected" storage="/app/ocp.msal.proxy.tests/bin/debug/netcoreapp3.1/ocp.msal.proxy.tests.dll" id="eb223c9f-24bf-8303-38b3-d6113beb6012">
      <Execution id="1023a77e-1701-4601-9c48-9600767a45fe" />
      <TestMethod codeBase="/app/OCP.Msal.Proxy.Tests/bin/Debug/netcoreapp3.1/OCP.Msal.Proxy.Tests.dll" adapterTypeName="executor://xunit/VsTestRunner2/netcoreapp" className="OCP.Msal.Proxy.Tests.AuthControllerTests" name="ClaimIsInjectedIntoHeaderAsExpected" />
    </UnitTest>
  </TestDefinitions>
  <TestEntries>
    <TestEntry testId="eb223c9f-24bf-8303-38b3-d6113beb6012" executionId="1023a77e-1701-4601-9c48-9600767a45fe" testListId="8c84fa94-04c1-424b-9868-57a2d4851a1d" />
  </TestEntries>
  <TestLists>
    <TestList name="Results Not in a List" id="8c84fa94-04c1-424b-9868-57a2d4851a1d" />
    <TestList name="All Loaded Results" id="19431567-8539-422a-85d7-44ee4e166bda" />
  </TestLists>
  <ResultSummary outcome="Completed">
    <Counters total="1" executed="1" passed="1" failed="0" error="0" timeout="0" aborted="0" inconclusive="0" passedButRunAborted="0" notRunnable="0" notExecuted="0" disconnected="0" warning="0" completed="0" inProgress="0" pending="0" />
    <Output>
      <StdOut>[xUnit.net 00:00:00.00] xUnit.net VSTest Adapter v2.4.1 (64-bit .NET Core 3.1.6)
[xUnit.net 00:00:00.91]   Discovering: OCP.Msal.Proxy.Tests
[xUnit.net 00:00:00.96]   Discovered:  OCP.Msal.Proxy.Tests
[xUnit.net 00:00:00.96]   Starting:    OCP.Msal.Proxy.Tests
[xUnit.net 00:00:01.05]   Finished:    OCP.Msal.Proxy.Tests
</StdOut>
    </Output>
  </ResultSummary>
</TestRun>