<?xml version="1.0" encoding="utf-8"?>
<TestRun id="765d44dd-2d23-4a96-8911-1912ac1b1bc1" name="@10cb522e1d8a 2020-07-27 19:07:56" xmlns="http://microsoft.com/schemas/VisualStudio/TeamTest/2010">
  <Times creation="2020-07-27T19:07:56.8780613+00:00" queuing="2020-07-27T19:07:56.8780615+00:00" start="2020-07-27T19:07:54.1096240+00:00" finish="2020-07-27T19:07:56.8956213+00:00" />
  <TestSettings name="default" id="114e2763-17f8-48c6-a838-3942e1a213db">
    <Deployment runDeploymentRoot="_10cb522e1d8a_2020-07-27_19_07_56" />
  </TestSettings>
  <Results>
    <UnitTestResult executionId="d6004f73-148c-4ac1-a5dd-02999a956abc" testId="eb223c9f-24bf-8303-38b3-d6113beb6012" testName="OCP.Msal.Proxy.Tests.AuthControllerTests.ClaimIsInjectedIntoHeaderAsExpected" computerName="10cb522e1d8a" duration="00:00:00.0116781" startTime="2020-07-27T19:07:56.7230777+00:00" endTime="2020-07-27T19:07:56.7231758+00:00" testType="13cdc9d9-ddb5-4fa4-a97d-d965ccfc6d4b" outcome="Passed" testListId="8c84fa94-04c1-424b-9868-57a2d4851a1d" relativeResultsDirectory="d6004f73-148c-4ac1-a5dd-02999a956abc" />
  </Results>
  <TestDefinitions>
    <UnitTest name="OCP.Msal.Proxy.Tests.AuthControllerTests.ClaimIsInjectedIntoHeaderAsExpected" storage="/app/ocp.msal.proxy.tests/bin/debug/netcoreapp3.1/ocp.msal.proxy.tests.dll" id="eb223c9f-24bf-8303-38b3-d6113beb6012">
      <Execution id="d6004f73-148c-4ac1-a5dd-02999a956abc" />
      <TestMethod codeBase="/app/OCP.Msal.Proxy.Tests/bin/Debug/netcoreapp3.1/OCP.Msal.Proxy.Tests.dll" adapterTypeName="executor://xunit/VsTestRunner2/netcoreapp" className="OCP.Msal.Proxy.Tests.AuthControllerTests" name="ClaimIsInjectedIntoHeaderAsExpected" />
    </UnitTest>
  </TestDefinitions>
  <TestEntries>
    <TestEntry testId="eb223c9f-24bf-8303-38b3-d6113beb6012" executionId="d6004f73-148c-4ac1-a5dd-02999a956abc" testListId="8c84fa94-04c1-424b-9868-57a2d4851a1d" />
  </TestEntries>
  <TestLists>
    <TestList name="Results Not in a List" id="8c84fa94-04c1-424b-9868-57a2d4851a1d" />
    <TestList name="All Loaded Results" id="19431567-8539-422a-85d7-44ee4e166bda" />
  </TestLists>
  <ResultSummary outcome="Completed">
    <Counters total="1" executed="1" passed="1" failed="0" error="0" timeout="0" aborted="0" inconclusive="0" passedButRunAborted="0" notRunnable="0" notExecuted="0" disconnected="0" warning="0" completed="0" inProgress="0" pending="0" />
    <Output>
      <StdOut>[xUnit.net 00:00:00.00] xUnit.net VSTest Adapter v2.4.1 (64-bit .NET Core 3.1.6)
[xUnit.net 00:00:01.15]   Discovering: OCP.Msal.Proxy.Tests
[xUnit.net 00:00:01.21]   Discovered:  OCP.Msal.Proxy.Tests
[xUnit.net 00:00:01.21]   Starting:    OCP.Msal.Proxy.Tests
[xUnit.net 00:00:01.33]   Finished:    OCP.Msal.Proxy.Tests
</StdOut>
    </Output>
  </ResultSummary>
</TestRun>