<?xml version="1.0" encoding="utf-8"?>
<TestRun id="3658d194-ab67-42b0-a180-9651ffca442b" name="@6e4a728a9025 2020-01-31 23:09:30" xmlns="http://microsoft.com/schemas/VisualStudio/TeamTest/2010">
  <Times creation="2020-01-31T23:09:30.0698009+00:00" queuing="2020-01-31T23:09:30.0698010+00:00" start="2020-01-31T23:09:27.2804002+00:00" finish="2020-01-31T23:09:30.0859590+00:00" />
  <TestSettings name="default" id="ad39f4ca-fbaa-4949-95f5-03719d23ecd5">
    <Deployment runDeploymentRoot="_6e4a728a9025_2020-01-31_23_09_30" />
  </TestSettings>
  <Results>
    <UnitTestResult executionId="793806f2-b60c-4fcb-b679-e57e1803a303" testId="eb223c9f-24bf-8303-38b3-d6113beb6012" testName="OCP.Msal.Proxy.Tests.AuthControllerTests.ClaimIsInjectedIntoHeaderAsExpected" computerName="6e4a728a9025" duration="00:00:00.0122455" startTime="2020-01-31T23:09:29.8941050+00:00" endTime="2020-01-31T23:09:29.8943432+00:00" testType="13cdc9d9-ddb5-4fa4-a97d-d965ccfc6d4b" outcome="Passed" testListId="8c84fa94-04c1-424b-9868-57a2d4851a1d" relativeResultsDirectory="793806f2-b60c-4fcb-b679-e57e1803a303" />
  </Results>
  <TestDefinitions>
    <UnitTest name="OCP.Msal.Proxy.Tests.AuthControllerTests.ClaimIsInjectedIntoHeaderAsExpected" storage="/app/ocp.msal.proxy.tests/bin/debug/netcoreapp3.1/ocp.msal.proxy.tests.dll" id="eb223c9f-24bf-8303-38b3-d6113beb6012">
      <Execution id="793806f2-b60c-4fcb-b679-e57e1803a303" />
      <TestMethod codeBase="/app/OCP.Msal.Proxy.Tests/bin/Debug/netcoreapp3.1/OCP.Msal.Proxy.Tests.dll" adapterTypeName="executor://xunit/VsTestRunner2/netcoreapp" className="OCP.Msal.Proxy.Tests.AuthControllerTests" name="OCP.Msal.Proxy.Tests.AuthControllerTests.ClaimIsInjectedIntoHeaderAsExpected" />
    </UnitTest>
  </TestDefinitions>
  <TestEntries>
    <TestEntry testId="eb223c9f-24bf-8303-38b3-d6113beb6012" executionId="793806f2-b60c-4fcb-b679-e57e1803a303" testListId="8c84fa94-04c1-424b-9868-57a2d4851a1d" />
  </TestEntries>
  <TestLists>
    <TestList name="Results Not in a List" id="8c84fa94-04c1-424b-9868-57a2d4851a1d" />
    <TestList name="All Loaded Results" id="19431567-8539-422a-85d7-44ee4e166bda" />
  </TestLists>
  <ResultSummary outcome="Completed">
    <Counters total="1" executed="1" passed="1" failed="0" error="0" timeout="0" aborted="0" inconclusive="0" passedButRunAborted="0" notRunnable="0" notExecuted="0" disconnected="0" warning="0" completed="0" inProgress="0" pending="0" />
    <Output>
      <StdOut>[xUnit.net 00:00:00.00] xUnit.net VSTest Adapter v2.4.1 (64-bit .NET Core 3.1.1)
[xUnit.net 00:00:01.07]   Discovering: OCP.Msal.Proxy.Tests
[xUnit.net 00:00:01.13]   Discovered:  OCP.Msal.Proxy.Tests
[xUnit.net 00:00:01.13]   Starting:    OCP.Msal.Proxy.Tests
[xUnit.net 00:00:01.25]   Finished:    OCP.Msal.Proxy.Tests
</StdOut>
    </Output>
  </ResultSummary>
</TestRun>