<?xml version="1.0" encoding="utf-8"?>
<TestRun id="5fbb6df4-105f-4cf4-8693-94750ccc0a40" name="@a18f20e7bdbf 2020-01-31 22:53:38" xmlns="http://microsoft.com/schemas/VisualStudio/TeamTest/2010">
  <Times creation="2020-01-31T22:53:38.1885383+00:00" queuing="2020-01-31T22:53:38.1885384+00:00" start="2020-01-31T22:53:35.2235797+00:00" finish="2020-01-31T22:53:38.2070029+00:00" />
  <TestSettings name="default" id="100131df-d736-4b66-bf5c-54238344b733">
    <Deployment runDeploymentRoot="_a18f20e7bdbf_2020-01-31_22_53_38" />
  </TestSettings>
  <Results>
    <UnitTestResult executionId="df588fc7-ef03-4f36-b568-03d3f2abbdfc" testId="eb223c9f-24bf-8303-38b3-d6113beb6012" testName="OCP.Msal.Proxy.Tests.AuthControllerTests.ClaimIsInjectedIntoHeaderAsExpected" computerName="a18f20e7bdbf" duration="00:00:00.0135771" startTime="2020-01-31T22:53:38.0740759+00:00" endTime="2020-01-31T22:53:38.0741774+00:00" testType="13cdc9d9-ddb5-4fa4-a97d-d965ccfc6d4b" outcome="Passed" testListId="8c84fa94-04c1-424b-9868-57a2d4851a1d" relativeResultsDirectory="df588fc7-ef03-4f36-b568-03d3f2abbdfc" />
  </Results>
  <TestDefinitions>
    <UnitTest name="OCP.Msal.Proxy.Tests.AuthControllerTests.ClaimIsInjectedIntoHeaderAsExpected" storage="/app/ocp.msal.proxy.tests/bin/debug/netcoreapp3.1/ocp.msal.proxy.tests.dll" id="eb223c9f-24bf-8303-38b3-d6113beb6012">
      <Execution id="df588fc7-ef03-4f36-b568-03d3f2abbdfc" />
      <TestMethod codeBase="/app/OCP.Msal.Proxy.Tests/bin/Debug/netcoreapp3.1/OCP.Msal.Proxy.Tests.dll" adapterTypeName="executor://xunit/VsTestRunner2/netcoreapp" className="OCP.Msal.Proxy.Tests.AuthControllerTests" name="OCP.Msal.Proxy.Tests.AuthControllerTests.ClaimIsInjectedIntoHeaderAsExpected" />
    </UnitTest>
  </TestDefinitions>
  <TestEntries>
    <TestEntry testId="eb223c9f-24bf-8303-38b3-d6113beb6012" executionId="df588fc7-ef03-4f36-b568-03d3f2abbdfc" testListId="8c84fa94-04c1-424b-9868-57a2d4851a1d" />
  </TestEntries>
  <TestLists>
    <TestList name="Results Not in a List" id="8c84fa94-04c1-424b-9868-57a2d4851a1d" />
    <TestList name="All Loaded Results" id="19431567-8539-422a-85d7-44ee4e166bda" />
  </TestLists>
  <ResultSummary outcome="Completed">
    <Counters total="1" executed="1" passed="1" failed="0" error="0" timeout="0" aborted="0" inconclusive="0" passedButRunAborted="0" notRunnable="0" notExecuted="0" disconnected="0" warning="0" completed="0" inProgress="0" pending="0" />
    <Output>
      <StdOut>[xUnit.net 00:00:00.00] xUnit.net VSTest Adapter v2.4.1 (64-bit .NET Core 3.1.1)
[xUnit.net 00:00:01.26]   Discovering: OCP.Msal.Proxy.Tests
[xUnit.net 00:00:01.32]   Discovered:  OCP.Msal.Proxy.Tests
[xUnit.net 00:00:01.32]   Starting:    OCP.Msal.Proxy.Tests
[xUnit.net 00:00:01.46]   Finished:    OCP.Msal.Proxy.Tests
</StdOut>
    </Output>
  </ResultSummary>
</TestRun>